2025-09-24 11:21:12,296 (event_logging:164) [DEBUG]: Start event logging
2025-09-24 11:21:12,297 (event_logging:165) [DEBUG]: Logger name: __main__
2025-09-24 11:21:12,297 (event_logging:166) [DEBUG]: Log filename: C:\Users\yuma_\Desktop\M1_reservoir\MizukiROBOT\data\trained_model\MixAll.seed42.step10\20250924T112112\train_model.log
2025-09-24 11:21:12,298 (event_logging:168) [DEBUG]: Command: python desktop/apps/train_model.py -vv desktop/data/myrobot/hirai/csv/20250914/step/fast desktop/data/myrobot/hirai/csv/20250914/step/middle desktop/data/myrobot/hirai/csv/20250914/step/slow desktop/data/myrobot/hirai/csv/20250914/trapezoid/fast desktop/data/myrobot/hirai/csv/20250914/trapezoid/middle desktop/data/myrobot/hirai/csv/20250914/trapezoid/slow -j 5 --train-size 0.25 --seed 42 -m desktop/apps/config/model.toml -a preview-ref.testing -s std -r mlp --include-tension --label MixAll.seed42.step10 --overwrite --no-make-latest-symlink
2025-09-24 11:21:12,333 (train_model:284) [INFO]: Output directory: C:\Users\yuma_\Desktop\M1_reservoir\MizukiROBOT\data\trained_model\MixAll.seed42.step10\20250924T112112
2025-09-24 11:21:12,335 (data_handling:162) [DEBUG]: Directory created: C:\Users\yuma_\Desktop\M1_reservoir\MizukiROBOT\data\trained_model\MixAll.seed42.step10\20250924T112112
2025-09-24 11:21:12,336 (data_handling:162) [DEBUG]: Directory created: C:\Users\yuma_\Desktop\M1_reservoir\MizukiROBOT\data\trained_model\MixAll.seed42.step10\20250924T112112\config
2025-09-24 11:21:12,338 (data_handling:180) [DEBUG]: Model config copied: None -> C:\Users\yuma_\Desktop\M1_reservoir\MizukiROBOT\data\trained_model\MixAll.seed42.step10\20250924T112112\config
2025-09-24 11:21:12,338 (train_model:287) [DEBUG]: Parsed arguments: Namespace(base_dir='C:\\Users\\yuma_\\Desktop\\M1_reservoir\\MizukiROBOT\\data', joints=['5'], datasets=['desktop/data/myrobot/hirai/csv/20250914/step/fast', 'desktop/data/myrobot/hirai/csv/20250914/step/middle', 'desktop/data/myrobot/hirai/csv/20250914/step/slow', 'desktop/data/myrobot/hirai/csv/20250914/trapezoid/fast', 'desktop/data/myrobot/hirai/csv/20250914/trapezoid/middle', 'desktop/data/myrobot/hirai/csv/20250914/trapezoid/slow'], glob_pattern='**/*.csv', train_size=0.25, test_size=None, seed=42, shuffle=True, split_in_each_directory=False, model_config='desktop/apps/config/model.toml', adapter='preview-ref.testing', scaler='std', regressor='mlp', include_tension=True, output=None, output_prefix='trained_model', overwrite=True, label='MixAll.seed42.step10', sublabel=None, split_by_date=True, specify_date=None, make_latest_symlink=False, verbose=2)
2025-09-24 11:21:12,339 (train_model:71) [DEBUG]: Resolved active joints: [5]
2025-09-24 11:21:12,342 (train_model:75) [DEBUG]: Model config file loaded: desktop/apps/config/model.toml
2025-09-24 11:21:12,342 (train_model:78) [DEBUG]: Loading datasets with following condition:
2025-09-24 11:21:12,343 (train_model:79) [DEBUG]:      Path list: ['desktop/data/myrobot/hirai/csv/20250914/step/fast', 'desktop/data/myrobot/hirai/csv/20250914/step/middle', 'desktop/data/myrobot/hirai/csv/20250914/step/slow', 'desktop/data/myrobot/hirai/csv/20250914/trapezoid/fast', 'desktop/data/myrobot/hirai/csv/20250914/trapezoid/middle', 'desktop/data/myrobot/hirai/csv/20250914/trapezoid/slow']
2025-09-24 11:21:12,343 (train_model:80) [DEBUG]:   glob pattern: **/*.csv
2025-09-24 11:21:12,374 (model_utility:666) [DEBUG]: Loading datasets from ['desktop\\data\\myrobot\\hirai\\csv\\20250914\\trapezoid\\fast\\motion_data_023.csv', 'desktop\\data\\myrobot\\hirai\\csv\\20250914\\step\\fast\\motion_data_093.csv', 'desktop\\data\\myrobot\\hirai\\csv\\20250914\\trapezoid\\fast\\motion_data_050.csv', 'desktop\\data\\myrobot\\hirai\\csv\\20250914\\trapezoid\\middle\\motion_data_097.csv', 'desktop\\data\\myrobot\\hirai\\csv\\20250914\\trapezoid\\slow\\motion_data_007.csv', 'desktop\\data\\myrobot\\hirai\\csv\\20250914\\trapezoid\\fast\\motion_data_080.csv', 'desktop\\data\\myrobot\\hirai\\csv\\20250914\\trapezoid\\fast\\motion_data_028.csv', 'desktop\\data\\myrobot\\hirai\\csv\\20250914\\step\\slow\\motion_data_051.csv', 'desktop\\data\\myrobot\\hirai\\csv\\20250914\\trapezoid\\fast\\motion_data_089.csv', 'desktop\\data\\myrobot\\hirai\\csv\\20250914\\trapezoid\\fast\\motion_data_097.csv', 'desktop\\data\\myrobot\\hirai\\csv\\20250914\\trapezoid\\slow\\motion_data_045.csv', 'desktop\\data\\myrobot\\hirai\\csv\\20250914\\step\\fast\\motion_data_032.csv', 'desktop\\data\\myrobot\\hirai\\csv\\20250914\\trapezoid\\fast\\motion_data_086.csv', 'desktop\\data\\myrobot\\hirai\\csv\\20250914\\trapezoid\\middle\\motion_data_073.csv', 'desktop\\data\\myrobot\\hirai\\csv\\20250914\\step\\middle\\motion_data_055.csv', 'desktop\\data\\myrobot\\hirai\\csv\\20250914\\trapezoid\\middle\\motion_data_053.csv', 'desktop\\data\\myrobot\\hirai\\csv\\20250914\\trapezoid\\middle\\motion_data_040.csv', 'desktop\\data\\myrobot\\hirai\\csv\\20250914\\trapezoid\\fast\\motion_data_081.csv', 'desktop\\data\\myrobot\\hirai\\csv\\20250914\\step\\middle\\motion_data_028.csv', 'desktop\\data\\myrobot\\hirai\\csv\\20250914\\step\\middle\\motion_data_021.csv', 'desktop\\data\\myrobot\\hirai\\csv\\20250914\\step\\slow\\motion_data_027.csv', 'desktop\\data\\myrobot\\hirai\\csv\\20250914\\trapezoid\\fast\\motion_data_069.csv', 'desktop\\data\\myrobot\\hirai\\csv\\20250914\\step\\middle\\motion_data_030.csv', 'desktop\\data\\myrobot\\hirai\\csv\\20250914\\trapezoid\\fast\\motion_data_064.csv', 'desktop\\data\\myrobot\\hirai\\csv\\20250914\\trapezoid\\middle\\motion_data_016.csv', 'desktop\\data\\myrobot\\hirai\\csv\\20250914\\trapezoid\\middle\\motion_data_052.csv', 'desktop\\data\\myrobot\\hirai\\csv\\20250914\\step\\fast\\motion_data_081.csv', 'desktop\\data\\myrobot\\hirai\\csv\\20250914\\trapezoid\\middle\\motion_data_079.csv', 'desktop\\data\\myrobot\\hirai\\csv\\20250914\\trapezoid\\fast\\motion_data_008.csv', 'desktop\\data\\myrobot\\hirai\\csv\\20250914\\trapezoid\\slow\\motion_data_016.csv', 'desktop\\data\\myrobot\\hirai\\csv\\20250914\\trapezoid\\fast\\motion_data_070.csv', 'desktop\\data\\myrobot\\hirai\\csv\\20250914\\trapezoid\\fast\\motion_data_011.csv', 'desktop\\data\\myrobot\\hirai\\csv\\20250914\\trapezoid\\fast\\motion_data_061.csv', 'desktop\\data\\myrobot\\hirai\\csv\\20250914\\trapezoid\\middle\\motion_data_050.csv', 'desktop\\data\\myrobot\\hirai\\csv\\20250914\\step\\fast\\motion_data_052.csv', 'desktop\\data\\myrobot\\hirai\\csv\\20250914\\step\\fast\\motion_data_074.csv', 'desktop\\data\\myrobot\\hirai\\csv\\20250914\\trapezoid\\fast\\motion_data_042.csv', 'desktop\\data\\myrobot\\hirai\\csv\\20250914\\step\\fast\\motion_data_028.csv', 'desktop\\data\\myrobot\\hirai\\csv\\20250914\\step\\slow\\motion_data_067.csv', 'desktop\\data\\myrobot\\hirai\\csv\\20250914\\step\\slow\\motion_data_009.csv', 'desktop\\data\\myrobot\\hirai\\csv\\20250914\\step\\middle\\motion_data_006.csv', 'desktop\\data\\myrobot\\hirai\\csv\\20250914\\step\\middle\\motion_data_022.csv', 'desktop\\data\\myrobot\\hirai\\csv\\20250914\\trapezoid\\fast\\motion_data_076.csv', 'desktop\\data\\myrobot\\hirai\\csv\\20250914\\trapezoid\\fast\\motion_data_096.csv', 'desktop\\data\\myrobot\\hirai\\csv\\20250914\\step\\fast\\motion_data_014.csv', 'desktop\\data\\myrobot\\hirai\\csv\\20250914\\step\\fast\\motion_data_021.csv', 'desktop\\data\\myrobot\\hirai\\csv\\20250914\\step\\slow\\motion_data_018.csv', 'desktop\\data\\myrobot\\hirai\\csv\\20250914\\trapezoid\\fast\\motion_data_084.csv', 'desktop\\data\\myrobot\\hirai\\csv\\20250914\\step\\middle\\motion_data_005.csv', 'desktop\\data\\myrobot\\hirai\\csv\\20250914\\step\\slow\\motion_data_066.csv', 'desktop\\data\\myrobot\\hirai\\csv\\20250914\\trapezoid\\fast\\motion_data_047.csv', 'desktop\\data\\myrobot\\hirai\\csv\\20250914\\trapezoid\\middle\\motion_data_045.csv', 'desktop\\data\\myrobot\\hirai\\csv\\20250914\\step\\middle\\motion_data_090.csv', 'desktop\\data\\myrobot\\hirai\\csv\\20250914\\trapezoid\\slow\\motion_data_017.csv', 'desktop\\data\\myrobot\\hirai\\csv\\20250914\\trapezoid\\middle\\motion_data_066.csv', 'desktop\\data\\myrobot\\hirai\\csv\\20250914\\trapezoid\\slow\\motion_data_006.csv', 'desktop\\data\\myrobot\\hirai\\csv\\20250914\\step\\fast\\motion_data_039.csv', 'desktop\\data\\myrobot\\hirai\\csv\\20250914\\trapezoid\\fast\\motion_data_039.csv', 'desktop\\data\\myrobot\\hirai\\csv\\20250914\\trapezoid\\middle\\motion_data_049.csv', 'desktop\\data\\myrobot\\hirai\\csv\\20250914\\step\\middle\\motion_data_088.csv', 'desktop\\data\\myrobot\\hirai\\csv\\20250914\\trapezoid\\middle\\motion_data_003.csv', 'desktop\\data\\myrobot\\hirai\\csv\\20250914\\step\\fast\\motion_data_013.csv', 'desktop\\data\\myrobot\\hirai\\csv\\20250914\\step\\middle\\motion_data_089.csv', 'desktop\\data\\myrobot\\hirai\\csv\\20250914\\step\\fast\\motion_data_087.csv', 'desktop\\data\\myrobot\\hirai\\csv\\20250914\\trapezoid\\middle\\motion_data_083.csv', 'desktop\\data\\myrobot\\hirai\\csv\\20250914\\step\\fast\\motion_data_005.csv', 'desktop\\data\\myrobot\\hirai\\csv\\20250914\\trapezoid\\slow\\motion_data_071.csv', 'desktop\\data\\myrobot\\hirai\\csv\\20250914\\trapezoid\\middle\\motion_data_042.csv', 'desktop\\data\\myrobot\\hirai\\csv\\20250914\\trapezoid\\slow\\motion_data_068.csv', 'desktop\\data\\myrobot\\hirai\\csv\\20250914\\trapezoid\\fast\\motion_data_085.csv', 'desktop\\data\\myrobot\\hirai\\csv\\20250914\\trapezoid\\fast\\motion_data_032.csv', 'desktop\\data\\myrobot\\hirai\\csv\\20250914\\trapezoid\\fast\\motion_data_059.csv', 'desktop\\data\\myrobot\\hirai\\csv\\20250914\\trapezoid\\slow\\motion_data_004.csv', 'desktop\\data\\myrobot\\hirai\\csv\\20250914\\trapezoid\\slow\\motion_data_077.csv', 'desktop\\data\\myrobot\\hirai\\csv\\20250914\\trapezoid\\fast\\motion_data_075.csv', 'desktop\\data\\myrobot\\hirai\\csv\\20250914\\step\\middle\\motion_data_014.csv', 'desktop\\data\\myrobot\\hirai\\csv\\20250914\\step\\middle\\motion_data_070.csv', 'desktop\\data\\myrobot\\hirai\\csv\\20250914\\step\\middle\\motion_data_023.csv', 'desktop\\data\\myrobot\\hirai\\csv\\20250914\\trapezoid\\fast\\motion_data_001.csv', 'desktop\\data\\myrobot\\hirai\\csv\\20250914\\trapezoid\\slow\\motion_data_049.csv', 'desktop\\data\\myrobot\\hirai\\csv\\20250914\\trapezoid\\slow\\motion_data_008.csv', 'desktop\\data\\myrobot\\hirai\\csv\\20250914\\step\\slow\\motion_data_021.csv', 'desktop\\data\\myrobot\\hirai\\csv\\20250914\\step\\middle\\motion_data_011.csv', 'desktop\\data\\myrobot\\hirai\\csv\\20250914\\trapezoid\\middle\\motion_data_075.csv', 'desktop\\data\\myrobot\\hirai\\csv\\20250914\\trapezoid\\middle\\motion_data_084.csv', 'desktop\\data\\myrobot\\hirai\\csv\\20250914\\trapezoid\\fast\\motion_data_029.csv', 'desktop\\data\\myrobot\\hirai\\csv\\20250914\\step\\slow\\motion_data_079.csv', 'desktop\\data\\myrobot\\hirai\\csv\\20250914\\step\\slow\\motion_data_077.csv', 'desktop\\data\\myrobot\\hirai\\csv\\20250914\\trapezoid\\fast\\motion_data_049.csv', 'desktop\\data\\myrobot\\hirai\\csv\\20250914\\step\\middle\\motion_data_087.csv', 'desktop\\data\\myrobot\\hirai\\csv\\20250914\\step\\fast\\motion_data_065.csv', 'desktop\\data\\myrobot\\hirai\\csv\\20250914\\trapezoid\\slow\\motion_data_085.csv', 'desktop\\data\\myrobot\\hirai\\csv\\20250914\\step\\fast\\motion_data_069.csv', 'desktop\\data\\myrobot\\hirai\\csv\\20250914\\trapezoid\\middle\\motion_data_010.csv', 'desktop\\data\\myrobot\\hirai\\csv\\20250914\\step\\middle\\motion_data_077.csv', 'desktop\\data\\myrobot\\hirai\\csv\\20250914\\trapezoid\\slow\\motion_data_091.csv', 'desktop\\data\\myrobot\\hirai\\csv\\20250914\\step\\middle\\motion_data_017.csv', 'desktop\\data\\myrobot\\hirai\\csv\\20250914\\trapezoid\\fast\\motion_data_072.csv', 'desktop\\data\\myrobot\\hirai\\csv\\20250914\\step\\fast\\motion_data_010.csv', 'desktop\\data\\myrobot\\hirai\\csv\\20250914\\step\\fast\\motion_data_063.csv', 'desktop\\data\\myrobot\\hirai\\csv\\20250914\\trapezoid\\slow\\motion_data_000.csv', 'desktop\\data\\myrobot\\hirai\\csv\\20250914\\step\\fast\\motion_data_001.csv', 'desktop\\data\\myrobot\\hirai\\csv\\20250914\\step\\fast\\motion_data_042.csv', 'desktop\\data\\myrobot\\hirai\\csv\\20250914\\trapezoid\\slow\\motion_data_029.csv', 'desktop\\data\\myrobot\\hirai\\csv\\20250914\\step\\middle\\motion_data_067.csv', 'desktop\\data\\myrobot\\hirai\\csv\\20250914\\step\\fast\\motion_data_076.csv', 'desktop\\data\\myrobot\\hirai\\csv\\20250914\\trapezoid\\fast\\motion_data_013.csv', 'desktop\\data\\myrobot\\hirai\\csv\\20250914\\step\\slow\\motion_data_096.csv', 'desktop\\data\\myrobot\\hirai\\csv\\20250914\\trapezoid\\slow\\motion_data_002.csv', 'desktop\\data\\myrobot\\hirai\\csv\\20250914\\trapezoid\\middle\\motion_data_090.csv', 'desktop\\data\\myrobot\\hirai\\csv\\20250914\\trapezoid\\slow\\motion_data_043.csv', 'desktop\\data\\myrobot\\hirai\\csv\\20250914\\trapezoid\\slow\\motion_data_062.csv', 'desktop\\data\\myrobot\\hirai\\csv\\20250914\\step\\slow\\motion_data_090.csv', 'desktop\\data\\myrobot\\hirai\\csv\\20250914\\step\\slow\\motion_data_012.csv', 'desktop\\data\\myrobot\\hirai\\csv\\20250914\\trapezoid\\slow\\motion_data_055.csv', 'desktop\\data\\myrobot\\hirai\\csv\\20250914\\trapezoid\\slow\\motion_data_079.csv', 'desktop\\data\\myrobot\\hirai\\csv\\20250914\\trapezoid\\fast\\motion_data_017.csv', 'desktop\\data\\myrobot\\hirai\\csv\\20250914\\step\\fast\\motion_data_057.csv', 'desktop\\data\\myrobot\\hirai\\csv\\20250914\\trapezoid\\slow\\motion_data_035.csv', 'desktop\\data\\myrobot\\hirai\\csv\\20250914\\step\\slow\\motion_data_072.csv', 'desktop\\data\\myrobot\\hirai\\csv\\20250914\\step\\fast\\motion_data_015.csv', 'desktop\\data\\myrobot\\hirai\\csv\\20250914\\trapezoid\\middle\\motion_data_032.csv', 'desktop\\data\\myrobot\\hirai\\csv\\20250914\\trapezoid\\slow\\motion_data_003.csv', 'desktop\\data\\myrobot\\hirai\\csv\\20250914\\step\\middle\\motion_data_037.csv', 'desktop\\data\\myrobot\\hirai\\csv\\20250914\\step\\slow\\motion_data_087.csv', 'desktop\\data\\myrobot\\hirai\\csv\\20250914\\trapezoid\\middle\\motion_data_051.csv', 'desktop\\data\\myrobot\\hirai\\csv\\20250914\\trapezoid\\slow\\motion_data_028.csv', 'desktop\\data\\myrobot\\hirai\\csv\\20250914\\trapezoid\\fast\\motion_data_000.csv', 'desktop\\data\\myrobot\\hirai\\csv\\20250914\\step\\middle\\motion_data_095.csv', 'desktop\\data\\myrobot\\hirai\\csv\\20250914\\step\\fast\\motion_data_034.csv', 'desktop\\data\\myrobot\\hirai\\csv\\20250914\\step\\slow\\motion_data_086.csv', 'desktop\\data\\myrobot\\hirai\\csv\\20250914\\trapezoid\\fast\\motion_data_014.csv', 'desktop\\data\\myrobot\\hirai\\csv\\20250914\\trapezoid\\slow\\motion_data_047.csv', 'desktop\\data\\myrobot\\hirai\\csv\\20250914\\trapezoid\\fast\\motion_data_033.csv', 'desktop\\data\\myrobot\\hirai\\csv\\20250914\\step\\middle\\motion_data_082.csv', 'desktop\\data\\myrobot\\hirai\\csv\\20250914\\step\\fast\\motion_data_049.csv', 'desktop\\data\\myrobot\\hirai\\csv\\20250914\\trapezoid\\slow\\motion_data_018.csv', 'desktop\\data\\myrobot\\hirai\\csv\\20250914\\step\\middle\\motion_data_002.csv', 'desktop\\data\\myrobot\\hirai\\csv\\20250914\\step\\fast\\motion_data_041.csv', 'desktop\\data\\myrobot\\hirai\\csv\\20250914\\trapezoid\\slow\\motion_data_053.csv', 'desktop\\data\\myrobot\\hirai\\csv\\20250914\\trapezoid\\fast\\motion_data_066.csv', 'desktop\\data\\myrobot\\hirai\\csv\\20250914\\trapezoid\\slow\\motion_data_034.csv', 'desktop\\data\\myrobot\\hirai\\csv\\20250914\\step\\slow\\motion_data_075.csv', 'desktop\\data\\myrobot\\hirai\\csv\\20250914\\trapezoid\\fast\\motion_data_003.csv', 'desktop\\data\\myrobot\\hirai\\csv\\20250914\\step\\middle\\motion_data_013.csv', 'desktop\\data\\myrobot\\hirai\\csv\\20250914\\trapezoid\\middle\\motion_data_037.csv', 'desktop\\data\\myrobot\\hirai\\csv\\20250914\\trapezoid\\middle\\motion_data_091.csv', 'desktop\\data\\myrobot\\hirai\\csv\\20250914\\trapezoid\\slow\\motion_data_026.csv', 'desktop\\data\\myrobot\\hirai\\csv\\20250914\\step\\middle\\motion_data_041.csv', 'desktop\\data\\myrobot\\hirai\\csv\\20250914\\trapezoid\\slow\\motion_data_048.csv']
2025-09-24 11:21:14,386 (model_utility:670) [INFO]: 150 datasets loaded in total
2025-09-24 11:21:14,387 (model_utility:587) [DEBUG]: Loaded data adapter: PreviewRef(PreviewRefParams(active_joints=[5], dt=0.03333333333, ctrl_step=1, preview_step=10, include_dqdes=False, include_tension=False, use_indexed_columns=False))
2025-09-24 11:21:14,388 (train_model:97) [INFO]: Adapter include_tension overridden: True
2025-09-24 11:21:14,389 (model_utility:597) [DEBUG]: Loaded scaler: StandardScaler()
2025-09-24 11:21:14,392 (model_utility:605) [DEBUG]: Loaded regressor: MLPRegressor()
2025-09-24 11:21:14,394 (train_model:103) [INFO]: Training model...
2025-09-24 11:21:14,399 (model_utility:692) [DEBUG]: Loaded dataset: desktop\data\myrobot\hirai\csv\20250914\trapezoid\fast\motion_data_023.csv
2025-09-24 11:21:14,404 (model_utility:692) [DEBUG]: Loaded dataset: desktop\data\myrobot\hirai\csv\20250914\step\fast\motion_data_093.csv
2025-09-24 11:21:14,408 (model_utility:692) [DEBUG]: Loaded dataset: desktop\data\myrobot\hirai\csv\20250914\trapezoid\fast\motion_data_050.csv
2025-09-24 11:21:14,413 (model_utility:692) [DEBUG]: Loaded dataset: desktop\data\myrobot\hirai\csv\20250914\trapezoid\middle\motion_data_097.csv
2025-09-24 11:21:14,417 (model_utility:692) [DEBUG]: Loaded dataset: desktop\data\myrobot\hirai\csv\20250914\trapezoid\slow\motion_data_007.csv
2025-09-24 11:21:14,421 (model_utility:692) [DEBUG]: Loaded dataset: desktop\data\myrobot\hirai\csv\20250914\trapezoid\fast\motion_data_080.csv
2025-09-24 11:21:14,429 (model_utility:692) [DEBUG]: Loaded dataset: desktop\data\myrobot\hirai\csv\20250914\trapezoid\fast\motion_data_028.csv
2025-09-24 11:21:14,435 (model_utility:692) [DEBUG]: Loaded dataset: desktop\data\myrobot\hirai\csv\20250914\step\slow\motion_data_051.csv
2025-09-24 11:21:14,442 (model_utility:692) [DEBUG]: Loaded dataset: desktop\data\myrobot\hirai\csv\20250914\trapezoid\fast\motion_data_089.csv
2025-09-24 11:21:14,450 (model_utility:692) [DEBUG]: Loaded dataset: desktop\data\myrobot\hirai\csv\20250914\trapezoid\fast\motion_data_097.csv
2025-09-24 11:21:14,458 (model_utility:692) [DEBUG]: Loaded dataset: desktop\data\myrobot\hirai\csv\20250914\trapezoid\slow\motion_data_045.csv
2025-09-24 11:21:14,464 (model_utility:692) [DEBUG]: Loaded dataset: desktop\data\myrobot\hirai\csv\20250914\step\fast\motion_data_032.csv
2025-09-24 11:21:14,471 (model_utility:692) [DEBUG]: Loaded dataset: desktop\data\myrobot\hirai\csv\20250914\trapezoid\fast\motion_data_086.csv
2025-09-24 11:21:14,479 (model_utility:692) [DEBUG]: Loaded dataset: desktop\data\myrobot\hirai\csv\20250914\trapezoid\middle\motion_data_073.csv
2025-09-24 11:21:14,484 (model_utility:692) [DEBUG]: Loaded dataset: desktop\data\myrobot\hirai\csv\20250914\step\middle\motion_data_055.csv
2025-09-24 11:21:14,488 (model_utility:692) [DEBUG]: Loaded dataset: desktop\data\myrobot\hirai\csv\20250914\trapezoid\middle\motion_data_053.csv
2025-09-24 11:21:14,495 (model_utility:692) [DEBUG]: Loaded dataset: desktop\data\myrobot\hirai\csv\20250914\trapezoid\middle\motion_data_040.csv
2025-09-24 11:21:14,500 (model_utility:692) [DEBUG]: Loaded dataset: desktop\data\myrobot\hirai\csv\20250914\trapezoid\fast\motion_data_081.csv
2025-09-24 11:21:14,505 (model_utility:692) [DEBUG]: Loaded dataset: desktop\data\myrobot\hirai\csv\20250914\step\middle\motion_data_028.csv
2025-09-24 11:21:14,512 (model_utility:692) [DEBUG]: Loaded dataset: desktop\data\myrobot\hirai\csv\20250914\step\middle\motion_data_021.csv
2025-09-24 11:21:14,517 (model_utility:692) [DEBUG]: Loaded dataset: desktop\data\myrobot\hirai\csv\20250914\step\slow\motion_data_027.csv
2025-09-24 11:21:14,524 (model_utility:692) [DEBUG]: Loaded dataset: desktop\data\myrobot\hirai\csv\20250914\trapezoid\fast\motion_data_069.csv
2025-09-24 11:21:14,532 (model_utility:692) [DEBUG]: Loaded dataset: desktop\data\myrobot\hirai\csv\20250914\step\middle\motion_data_030.csv
2025-09-24 11:21:14,543 (model_utility:692) [DEBUG]: Loaded dataset: desktop\data\myrobot\hirai\csv\20250914\trapezoid\fast\motion_data_064.csv
2025-09-24 11:21:14,550 (model_utility:692) [DEBUG]: Loaded dataset: desktop\data\myrobot\hirai\csv\20250914\trapezoid\middle\motion_data_016.csv
2025-09-24 11:21:14,560 (model_utility:692) [DEBUG]: Loaded dataset: desktop\data\myrobot\hirai\csv\20250914\trapezoid\middle\motion_data_052.csv
2025-09-24 11:21:14,568 (model_utility:692) [DEBUG]: Loaded dataset: desktop\data\myrobot\hirai\csv\20250914\step\fast\motion_data_081.csv
2025-09-24 11:21:14,577 (model_utility:692) [DEBUG]: Loaded dataset: desktop\data\myrobot\hirai\csv\20250914\trapezoid\middle\motion_data_079.csv
2025-09-24 11:21:14,590 (model_utility:692) [DEBUG]: Loaded dataset: desktop\data\myrobot\hirai\csv\20250914\trapezoid\fast\motion_data_008.csv
2025-09-24 11:21:14,600 (model_utility:692) [DEBUG]: Loaded dataset: desktop\data\myrobot\hirai\csv\20250914\trapezoid\slow\motion_data_016.csv
2025-09-24 11:21:14,608 (model_utility:692) [DEBUG]: Loaded dataset: desktop\data\myrobot\hirai\csv\20250914\trapezoid\fast\motion_data_070.csv
2025-09-24 11:21:14,618 (model_utility:692) [DEBUG]: Loaded dataset: desktop\data\myrobot\hirai\csv\20250914\trapezoid\fast\motion_data_011.csv
2025-09-24 11:21:14,629 (model_utility:692) [DEBUG]: Loaded dataset: desktop\data\myrobot\hirai\csv\20250914\trapezoid\fast\motion_data_061.csv
2025-09-24 11:21:14,638 (model_utility:692) [DEBUG]: Loaded dataset: desktop\data\myrobot\hirai\csv\20250914\trapezoid\middle\motion_data_050.csv
2025-09-24 11:21:14,649 (model_utility:692) [DEBUG]: Loaded dataset: desktop\data\myrobot\hirai\csv\20250914\step\fast\motion_data_052.csv
2025-09-24 11:21:14,658 (model_utility:692) [DEBUG]: Loaded dataset: desktop\data\myrobot\hirai\csv\20250914\step\fast\motion_data_074.csv
2025-09-24 11:21:14,668 (model_utility:692) [DEBUG]: Loaded dataset: desktop\data\myrobot\hirai\csv\20250914\trapezoid\fast\motion_data_042.csv
2025-09-24 11:21:14,680 (model_utility:692) [DEBUG]: Loaded dataset: desktop\data\myrobot\hirai\csv\20250914\step\fast\motion_data_028.csv
2025-09-24 11:21:14,690 (model_utility:692) [DEBUG]: Loaded dataset: desktop\data\myrobot\hirai\csv\20250914\step\slow\motion_data_067.csv
2025-09-24 11:21:14,700 (model_utility:692) [DEBUG]: Loaded dataset: desktop\data\myrobot\hirai\csv\20250914\step\slow\motion_data_009.csv
2025-09-24 11:21:14,712 (model_utility:692) [DEBUG]: Loaded dataset: desktop\data\myrobot\hirai\csv\20250914\step\middle\motion_data_006.csv
2025-09-24 11:21:14,725 (model_utility:692) [DEBUG]: Loaded dataset: desktop\data\myrobot\hirai\csv\20250914\step\middle\motion_data_022.csv
2025-09-24 11:21:14,734 (model_utility:692) [DEBUG]: Loaded dataset: desktop\data\myrobot\hirai\csv\20250914\trapezoid\fast\motion_data_076.csv
2025-09-24 11:21:14,746 (model_utility:692) [DEBUG]: Loaded dataset: desktop\data\myrobot\hirai\csv\20250914\trapezoid\fast\motion_data_096.csv
2025-09-24 11:21:14,759 (model_utility:692) [DEBUG]: Loaded dataset: desktop\data\myrobot\hirai\csv\20250914\step\fast\motion_data_014.csv
2025-09-24 11:21:14,772 (model_utility:692) [DEBUG]: Loaded dataset: desktop\data\myrobot\hirai\csv\20250914\step\fast\motion_data_021.csv
2025-09-24 11:21:14,782 (model_utility:692) [DEBUG]: Loaded dataset: desktop\data\myrobot\hirai\csv\20250914\step\slow\motion_data_018.csv
2025-09-24 11:21:14,797 (model_utility:692) [DEBUG]: Loaded dataset: desktop\data\myrobot\hirai\csv\20250914\trapezoid\fast\motion_data_084.csv
2025-09-24 11:21:14,809 (model_utility:692) [DEBUG]: Loaded dataset: desktop\data\myrobot\hirai\csv\20250914\step\middle\motion_data_005.csv
2025-09-24 11:21:14,822 (model_utility:692) [DEBUG]: Loaded dataset: desktop\data\myrobot\hirai\csv\20250914\step\slow\motion_data_066.csv
2025-09-24 11:21:14,835 (model_utility:692) [DEBUG]: Loaded dataset: desktop\data\myrobot\hirai\csv\20250914\trapezoid\fast\motion_data_047.csv
2025-09-24 11:21:14,846 (model_utility:692) [DEBUG]: Loaded dataset: desktop\data\myrobot\hirai\csv\20250914\trapezoid\middle\motion_data_045.csv
2025-09-24 11:21:14,858 (model_utility:692) [DEBUG]: Loaded dataset: desktop\data\myrobot\hirai\csv\20250914\step\middle\motion_data_090.csv
2025-09-24 11:21:14,873 (model_utility:692) [DEBUG]: Loaded dataset: desktop\data\myrobot\hirai\csv\20250914\trapezoid\slow\motion_data_017.csv
2025-09-24 11:21:14,887 (model_utility:692) [DEBUG]: Loaded dataset: desktop\data\myrobot\hirai\csv\20250914\trapezoid\middle\motion_data_066.csv
2025-09-24 11:21:14,901 (model_utility:692) [DEBUG]: Loaded dataset: desktop\data\myrobot\hirai\csv\20250914\trapezoid\slow\motion_data_006.csv
2025-09-24 11:21:14,915 (model_utility:692) [DEBUG]: Loaded dataset: desktop\data\myrobot\hirai\csv\20250914\step\fast\motion_data_039.csv
2025-09-24 11:21:14,932 (model_utility:692) [DEBUG]: Loaded dataset: desktop\data\myrobot\hirai\csv\20250914\trapezoid\fast\motion_data_039.csv
2025-09-24 11:21:14,948 (model_utility:692) [DEBUG]: Loaded dataset: desktop\data\myrobot\hirai\csv\20250914\trapezoid\middle\motion_data_049.csv
2025-09-24 11:21:14,962 (model_utility:692) [DEBUG]: Loaded dataset: desktop\data\myrobot\hirai\csv\20250914\step\middle\motion_data_088.csv
2025-09-24 11:21:14,976 (model_utility:692) [DEBUG]: Loaded dataset: desktop\data\myrobot\hirai\csv\20250914\trapezoid\middle\motion_data_003.csv
2025-09-24 11:21:14,991 (model_utility:692) [DEBUG]: Loaded dataset: desktop\data\myrobot\hirai\csv\20250914\step\fast\motion_data_013.csv
2025-09-24 11:21:15,004 (model_utility:692) [DEBUG]: Loaded dataset: desktop\data\myrobot\hirai\csv\20250914\step\middle\motion_data_089.csv
2025-09-24 11:21:15,020 (model_utility:692) [DEBUG]: Loaded dataset: desktop\data\myrobot\hirai\csv\20250914\step\fast\motion_data_087.csv
2025-09-24 11:21:15,035 (model_utility:692) [DEBUG]: Loaded dataset: desktop\data\myrobot\hirai\csv\20250914\trapezoid\middle\motion_data_083.csv
2025-09-24 11:21:15,053 (model_utility:692) [DEBUG]: Loaded dataset: desktop\data\myrobot\hirai\csv\20250914\step\fast\motion_data_005.csv
2025-09-24 11:21:15,069 (model_utility:692) [DEBUG]: Loaded dataset: desktop\data\myrobot\hirai\csv\20250914\trapezoid\slow\motion_data_071.csv
2025-09-24 11:21:15,083 (model_utility:692) [DEBUG]: Loaded dataset: desktop\data\myrobot\hirai\csv\20250914\trapezoid\middle\motion_data_042.csv
2025-09-24 11:21:15,096 (model_utility:692) [DEBUG]: Loaded dataset: desktop\data\myrobot\hirai\csv\20250914\trapezoid\slow\motion_data_068.csv
2025-09-24 11:21:15,108 (model_utility:692) [DEBUG]: Loaded dataset: desktop\data\myrobot\hirai\csv\20250914\trapezoid\fast\motion_data_085.csv
2025-09-24 11:21:15,121 (model_utility:692) [DEBUG]: Loaded dataset: desktop\data\myrobot\hirai\csv\20250914\trapezoid\fast\motion_data_032.csv
2025-09-24 11:21:15,135 (model_utility:692) [DEBUG]: Loaded dataset: desktop\data\myrobot\hirai\csv\20250914\trapezoid\fast\motion_data_059.csv
2025-09-24 11:21:15,151 (model_utility:692) [DEBUG]: Loaded dataset: desktop\data\myrobot\hirai\csv\20250914\trapezoid\slow\motion_data_004.csv
2025-09-24 11:21:15,166 (model_utility:692) [DEBUG]: Loaded dataset: desktop\data\myrobot\hirai\csv\20250914\trapezoid\slow\motion_data_077.csv
2025-09-24 11:21:15,184 (model_utility:692) [DEBUG]: Loaded dataset: desktop\data\myrobot\hirai\csv\20250914\trapezoid\fast\motion_data_075.csv
2025-09-24 11:21:15,202 (model_utility:692) [DEBUG]: Loaded dataset: desktop\data\myrobot\hirai\csv\20250914\step\middle\motion_data_014.csv
2025-09-24 11:21:15,221 (model_utility:692) [DEBUG]: Loaded dataset: desktop\data\myrobot\hirai\csv\20250914\step\middle\motion_data_070.csv
2025-09-24 11:21:15,254 (model_utility:692) [DEBUG]: Loaded dataset: desktop\data\myrobot\hirai\csv\20250914\step\middle\motion_data_023.csv
2025-09-24 11:21:15,269 (model_utility:692) [DEBUG]: Loaded dataset: desktop\data\myrobot\hirai\csv\20250914\trapezoid\fast\motion_data_001.csv
2025-09-24 11:21:15,287 (model_utility:692) [DEBUG]: Loaded dataset: desktop\data\myrobot\hirai\csv\20250914\trapezoid\slow\motion_data_049.csv
2025-09-24 11:21:15,302 (model_utility:692) [DEBUG]: Loaded dataset: desktop\data\myrobot\hirai\csv\20250914\trapezoid\slow\motion_data_008.csv
2025-09-24 11:21:15,316 (model_utility:692) [DEBUG]: Loaded dataset: desktop\data\myrobot\hirai\csv\20250914\step\slow\motion_data_021.csv
2025-09-24 11:21:15,330 (model_utility:692) [DEBUG]: Loaded dataset: desktop\data\myrobot\hirai\csv\20250914\step\middle\motion_data_011.csv
2025-09-24 11:21:15,344 (model_utility:692) [DEBUG]: Loaded dataset: desktop\data\myrobot\hirai\csv\20250914\trapezoid\middle\motion_data_075.csv
2025-09-24 11:21:15,360 (model_utility:692) [DEBUG]: Loaded dataset: desktop\data\myrobot\hirai\csv\20250914\trapezoid\middle\motion_data_084.csv
2025-09-24 11:21:15,375 (model_utility:692) [DEBUG]: Loaded dataset: desktop\data\myrobot\hirai\csv\20250914\trapezoid\fast\motion_data_029.csv
2025-09-24 11:21:15,390 (model_utility:692) [DEBUG]: Loaded dataset: desktop\data\myrobot\hirai\csv\20250914\step\slow\motion_data_079.csv
2025-09-24 11:21:15,409 (model_utility:692) [DEBUG]: Loaded dataset: desktop\data\myrobot\hirai\csv\20250914\step\slow\motion_data_077.csv
2025-09-24 11:21:15,428 (model_utility:692) [DEBUG]: Loaded dataset: desktop\data\myrobot\hirai\csv\20250914\trapezoid\fast\motion_data_049.csv
2025-09-24 11:21:15,446 (model_utility:692) [DEBUG]: Loaded dataset: desktop\data\myrobot\hirai\csv\20250914\step\middle\motion_data_087.csv
2025-09-24 11:21:15,463 (model_utility:692) [DEBUG]: Loaded dataset: desktop\data\myrobot\hirai\csv\20250914\step\fast\motion_data_065.csv
2025-09-24 11:21:15,481 (model_utility:692) [DEBUG]: Loaded dataset: desktop\data\myrobot\hirai\csv\20250914\trapezoid\slow\motion_data_085.csv
2025-09-24 11:21:15,501 (model_utility:692) [DEBUG]: Loaded dataset: desktop\data\myrobot\hirai\csv\20250914\step\fast\motion_data_069.csv
2025-09-24 11:21:15,524 (model_utility:692) [DEBUG]: Loaded dataset: desktop\data\myrobot\hirai\csv\20250914\trapezoid\middle\motion_data_010.csv
2025-09-24 11:21:15,542 (model_utility:692) [DEBUG]: Loaded dataset: desktop\data\myrobot\hirai\csv\20250914\step\middle\motion_data_077.csv
2025-09-24 11:21:15,560 (model_utility:692) [DEBUG]: Loaded dataset: desktop\data\myrobot\hirai\csv\20250914\trapezoid\slow\motion_data_091.csv
2025-09-24 11:21:15,580 (model_utility:692) [DEBUG]: Loaded dataset: desktop\data\myrobot\hirai\csv\20250914\step\middle\motion_data_017.csv
2025-09-24 11:21:15,599 (model_utility:692) [DEBUG]: Loaded dataset: desktop\data\myrobot\hirai\csv\20250914\trapezoid\fast\motion_data_072.csv
2025-09-24 11:21:15,622 (model_utility:692) [DEBUG]: Loaded dataset: desktop\data\myrobot\hirai\csv\20250914\step\fast\motion_data_010.csv
2025-09-24 11:21:15,644 (model_utility:692) [DEBUG]: Loaded dataset: desktop\data\myrobot\hirai\csv\20250914\step\fast\motion_data_063.csv
2025-09-24 11:21:15,661 (model_utility:692) [DEBUG]: Loaded dataset: desktop\data\myrobot\hirai\csv\20250914\trapezoid\slow\motion_data_000.csv
2025-09-24 11:21:15,681 (model_utility:692) [DEBUG]: Loaded dataset: desktop\data\myrobot\hirai\csv\20250914\step\fast\motion_data_001.csv
2025-09-24 11:21:15,703 (model_utility:692) [DEBUG]: Loaded dataset: desktop\data\myrobot\hirai\csv\20250914\step\fast\motion_data_042.csv
2025-09-24 11:21:15,724 (model_utility:692) [DEBUG]: Loaded dataset: desktop\data\myrobot\hirai\csv\20250914\trapezoid\slow\motion_data_029.csv
2025-09-24 11:21:15,745 (model_utility:692) [DEBUG]: Loaded dataset: desktop\data\myrobot\hirai\csv\20250914\step\middle\motion_data_067.csv
2025-09-24 11:21:15,767 (model_utility:692) [DEBUG]: Loaded dataset: desktop\data\myrobot\hirai\csv\20250914\step\fast\motion_data_076.csv
2025-09-24 11:21:15,792 (model_utility:692) [DEBUG]: Loaded dataset: desktop\data\myrobot\hirai\csv\20250914\trapezoid\fast\motion_data_013.csv
2025-09-24 11:21:15,816 (model_utility:692) [DEBUG]: Loaded dataset: desktop\data\myrobot\hirai\csv\20250914\step\slow\motion_data_096.csv
2025-09-24 11:21:15,844 (model_utility:692) [DEBUG]: Loaded dataset: desktop\data\myrobot\hirai\csv\20250914\trapezoid\slow\motion_data_002.csv
2025-09-24 11:21:15,863 (model_utility:692) [DEBUG]: Loaded dataset: desktop\data\myrobot\hirai\csv\20250914\trapezoid\middle\motion_data_090.csv
2025-09-24 11:21:15,880 (model_utility:692) [DEBUG]: Loaded dataset: desktop\data\myrobot\hirai\csv\20250914\trapezoid\slow\motion_data_043.csv
2025-09-24 11:21:15,897 (model_utility:692) [DEBUG]: Loaded dataset: desktop\data\myrobot\hirai\csv\20250914\trapezoid\slow\motion_data_062.csv
2025-09-24 11:21:15,915 (model_utility:692) [DEBUG]: Loaded dataset: desktop\data\myrobot\hirai\csv\20250914\step\slow\motion_data_090.csv
2025-09-24 11:21:15,931 (model_utility:692) [DEBUG]: Loaded dataset: desktop\data\myrobot\hirai\csv\20250914\step\slow\motion_data_012.csv
2025-09-24 11:21:15,947 (model_utility:692) [DEBUG]: Loaded dataset: desktop\data\myrobot\hirai\csv\20250914\trapezoid\slow\motion_data_055.csv
2025-09-24 11:21:15,966 (model_utility:692) [DEBUG]: Loaded dataset: desktop\data\myrobot\hirai\csv\20250914\trapezoid\slow\motion_data_079.csv
2025-09-24 11:21:15,983 (model_utility:692) [DEBUG]: Loaded dataset: desktop\data\myrobot\hirai\csv\20250914\trapezoid\fast\motion_data_017.csv
2025-09-24 11:21:16,007 (model_utility:692) [DEBUG]: Loaded dataset: desktop\data\myrobot\hirai\csv\20250914\step\fast\motion_data_057.csv
2025-09-24 11:21:16,030 (model_utility:692) [DEBUG]: Loaded dataset: desktop\data\myrobot\hirai\csv\20250914\trapezoid\slow\motion_data_035.csv
2025-09-24 11:21:16,050 (model_utility:692) [DEBUG]: Loaded dataset: desktop\data\myrobot\hirai\csv\20250914\step\slow\motion_data_072.csv
2025-09-24 11:21:16,072 (model_utility:692) [DEBUG]: Loaded dataset: desktop\data\myrobot\hirai\csv\20250914\step\fast\motion_data_015.csv
2025-09-24 11:21:16,097 (model_utility:692) [DEBUG]: Loaded dataset: desktop\data\myrobot\hirai\csv\20250914\trapezoid\middle\motion_data_032.csv
2025-09-24 11:21:16,123 (model_utility:692) [DEBUG]: Loaded dataset: desktop\data\myrobot\hirai\csv\20250914\trapezoid\slow\motion_data_003.csv
2025-09-24 11:21:16,148 (model_utility:692) [DEBUG]: Loaded dataset: desktop\data\myrobot\hirai\csv\20250914\step\middle\motion_data_037.csv
2025-09-24 11:21:16,173 (model_utility:692) [DEBUG]: Loaded dataset: desktop\data\myrobot\hirai\csv\20250914\step\slow\motion_data_087.csv
2025-09-24 11:21:16,197 (model_utility:692) [DEBUG]: Loaded dataset: desktop\data\myrobot\hirai\csv\20250914\trapezoid\middle\motion_data_051.csv
2025-09-24 11:21:16,219 (model_utility:692) [DEBUG]: Loaded dataset: desktop\data\myrobot\hirai\csv\20250914\trapezoid\slow\motion_data_028.csv
2025-09-24 11:21:16,243 (model_utility:692) [DEBUG]: Loaded dataset: desktop\data\myrobot\hirai\csv\20250914\trapezoid\fast\motion_data_000.csv
2025-09-24 11:21:16,266 (model_utility:692) [DEBUG]: Loaded dataset: desktop\data\myrobot\hirai\csv\20250914\step\middle\motion_data_095.csv
2025-09-24 11:21:16,297 (model_utility:692) [DEBUG]: Loaded dataset: desktop\data\myrobot\hirai\csv\20250914\step\fast\motion_data_034.csv
2025-09-24 11:21:16,329 (model_utility:692) [DEBUG]: Loaded dataset: desktop\data\myrobot\hirai\csv\20250914\step\slow\motion_data_086.csv
2025-09-24 11:21:16,353 (model_utility:692) [DEBUG]: Loaded dataset: desktop\data\myrobot\hirai\csv\20250914\trapezoid\fast\motion_data_014.csv
2025-09-24 11:21:16,378 (model_utility:692) [DEBUG]: Loaded dataset: desktop\data\myrobot\hirai\csv\20250914\trapezoid\slow\motion_data_047.csv
2025-09-24 11:21:16,401 (model_utility:692) [DEBUG]: Loaded dataset: desktop\data\myrobot\hirai\csv\20250914\trapezoid\fast\motion_data_033.csv
2025-09-24 11:21:16,426 (model_utility:692) [DEBUG]: Loaded dataset: desktop\data\myrobot\hirai\csv\20250914\step\middle\motion_data_082.csv
2025-09-24 11:21:16,449 (model_utility:692) [DEBUG]: Loaded dataset: desktop\data\myrobot\hirai\csv\20250914\step\fast\motion_data_049.csv
2025-09-24 11:21:16,473 (model_utility:692) [DEBUG]: Loaded dataset: desktop\data\myrobot\hirai\csv\20250914\trapezoid\slow\motion_data_018.csv
2025-09-24 11:21:16,498 (model_utility:692) [DEBUG]: Loaded dataset: desktop\data\myrobot\hirai\csv\20250914\step\middle\motion_data_002.csv
2025-09-24 11:21:16,524 (model_utility:692) [DEBUG]: Loaded dataset: desktop\data\myrobot\hirai\csv\20250914\step\fast\motion_data_041.csv
2025-09-24 11:21:16,545 (model_utility:692) [DEBUG]: Loaded dataset: desktop\data\myrobot\hirai\csv\20250914\trapezoid\slow\motion_data_053.csv
2025-09-24 11:21:16,573 (model_utility:692) [DEBUG]: Loaded dataset: desktop\data\myrobot\hirai\csv\20250914\trapezoid\fast\motion_data_066.csv
2025-09-24 11:21:16,594 (model_utility:692) [DEBUG]: Loaded dataset: desktop\data\myrobot\hirai\csv\20250914\trapezoid\slow\motion_data_034.csv
2025-09-24 11:21:16,622 (model_utility:692) [DEBUG]: Loaded dataset: desktop\data\myrobot\hirai\csv\20250914\step\slow\motion_data_075.csv
2025-09-24 11:21:16,644 (model_utility:692) [DEBUG]: Loaded dataset: desktop\data\myrobot\hirai\csv\20250914\trapezoid\fast\motion_data_003.csv
2025-09-24 11:21:16,670 (model_utility:692) [DEBUG]: Loaded dataset: desktop\data\myrobot\hirai\csv\20250914\step\middle\motion_data_013.csv
2025-09-24 11:21:16,694 (model_utility:692) [DEBUG]: Loaded dataset: desktop\data\myrobot\hirai\csv\20250914\trapezoid\middle\motion_data_037.csv
2025-09-24 11:21:16,722 (model_utility:692) [DEBUG]: Loaded dataset: desktop\data\myrobot\hirai\csv\20250914\trapezoid\middle\motion_data_091.csv
2025-09-24 11:21:16,748 (model_utility:692) [DEBUG]: Loaded dataset: desktop\data\myrobot\hirai\csv\20250914\trapezoid\slow\motion_data_026.csv
2025-09-24 11:21:16,777 (model_utility:692) [DEBUG]: Loaded dataset: desktop\data\myrobot\hirai\csv\20250914\step\middle\motion_data_041.csv
2025-09-24 11:21:16,802 (model_utility:692) [DEBUG]: Loaded dataset: desktop\data\myrobot\hirai\csv\20250914\trapezoid\slow\motion_data_048.csv
2025-09-24 11:21:16,802 (model_utility:728) [DEBUG]: x_train.shape = (448350, 7)
2025-09-24 11:21:16,804 (model_utility:729) [DEBUG]: y_train.shape = (448350, 2)
2025-09-24 11:21:36,172 (train_model:105) [DEBUG]: Training has done
2025-09-24 11:21:36,212 (train_model:120) [INFO]: Trained model saved: C:\Users\yuma_\Desktop\M1_reservoir\MizukiROBOT\data\trained_model\MixAll.seed42.step10\20250924T112112\trained_model.joblib
