2025-09-02 18:43:26,473 (event_logging:164) [DEBUG]: Start event logging
2025-09-02 18:43:26,473 (event_logging:165) [DEBUG]: Logger name: __main__
2025-09-02 18:43:26,473 (event_logging:166) [DEBUG]: Log filename: data/optimization/esn_uv_ok/optimize_esn_model.log
2025-09-02 18:43:26,474 (event_logging:168) [DEBUG]: Command: python apps/optimize_esn_model.py tests/data -n 1 -m apps/config/model.toml -a preview-ref -s none --opt-seed 42 --seed 42 --label esn_uv_ok --output data/optimization/esn_uv_ok --no-split-by-date --no-make-latest-symlink --overwrite -vv --train-size 0.8 --test-size 0.2 -j 0
2025-09-02 18:43:26,475 (optimize_esn_model:536) [INFO]: Output directory: data/optimization/esn_uv_ok
2025-09-02 18:43:26,475 (data_handling:162) [DEBUG]: Directory created: data/optimization/esn_uv_ok
2025-09-02 18:43:26,476 (data_handling:162) [DEBUG]: Directory created: data/optimization/esn_uv_ok/config
2025-09-02 18:43:26,484 (data_handling:180) [DEBUG]: Model config copied: None -> data/optimization/esn_uv_ok/config
2025-09-02 18:43:26,484 (optimize_esn_model:539) [DEBUG]: Parsed arguments: Namespace(base_dir='/mnt/c/Users/HosodaLab2/University/Reserch/reservoir/myrobot/ESN/data', joints=['0'], datasets=['tests/data'], trials=1, glob_pattern='**/*.csv', train_size=0.8, test_size=0.2, seed=42, opt_seed=42, shuffle=True, split_in_each_directory=False, model_config='apps/config/model.toml', adapter='preview-ref', scaler=['none'], output='data/optimization/esn_uv_ok', output_prefix='optimization', overwrite=True, label='esn_uv_ok', sublabel=None, split_by_date=False, specify_date=None, make_latest_symlink=False, verbose=2)
2025-09-02 18:43:26,485 (optimize_esn_model:275) [DEBUG]: Resolved active joints: [0]
2025-09-02 18:43:26,488 (optimize_esn_model:279) [DEBUG]: Model config file loaded: apps/config/model.toml
2025-09-02 18:43:26,488 (optimize_esn_model:282) [DEBUG]: Loading datasets with following condition:
2025-09-02 18:43:26,489 (optimize_esn_model:283) [DEBUG]:      Path list: ['tests/data']
2025-09-02 18:43:26,489 (optimize_esn_model:284) [DEBUG]:   glob pattern: **/*.csv
2025-09-02 18:43:26,505 (optimize_esn_model:303) [INFO]: Dataset files: train=62, test=15
2025-09-02 18:43:26,505 (model_utility:527) [DEBUG]: Loaded data adapter: PreviewRef(PreviewRefParams(active_joints=[0], dt=0.03333333333, ctrl_step=1, preview_step=5, include_dqdes=False))
2025-09-02 18:43:26,506 (optimize_esn_model:307) [INFO]: Optimizing parameters...
2025-09-02 18:43:26,506 (model_utility:713) [DEBUG]: Loading datasets from ['tests/data/dummy_datasets/dummy_data_004.csv', 'tests/data/dummy_datasets_02/dummy_data_006.csv', 'tests/data/dummy_datasets_02/dummy_data_003.csv', 'tests/data/dummy_datasets_01/dummy_data_006.csv', 'tests/data/dummy_datasets/dummy_data_007.csv', 'tests/data/dummy_datasets_02/dummy_data_008.csv', 'tests/data/reference_trajectory_000.csv', 'tests/data/test_spline_toy_data.csv', 'tests/data/simple_ridge_alpha-1.0.csv', 'tests/data/motion_data_010.csv', 'tests/data/rand_traj_step_sync_all.csv', 'tests/data/dummy_datasets/dummy_data_005.csv', 'tests/data/dummy_datasets/dummy_data_001.csv', 'tests/data/simple_linear.csv', 'tests/data/joint_mlp_hidden_layer_sizes-200_max_iter-500.csv', 'tests/data/dummy_datasets/dummy_data_002.csv', 'tests/data/joint_ridge_alpha-0.1.csv', 'tests/data/rand_traj_step_sync_1-3-5-7.csv', 'tests/data/simple_mlp_max_iter-200.csv', 'tests/data/dummy_datasets_01/dummy_data_009.csv', 'tests/data/simple_mlp_max_iter-800.csv', 'tests/data/motion_data_005.csv', 'tests/data/dummy_datasets_02/dummy_data_011.csv', 'tests/data/dummy_datasets_02/dummy_data_018.csv', 'tests/data/dummy_datasets_02/dummy_data_002.csv', 'tests/data/simple_ridge_alpha-0.1.csv', 'tests/data/motion_data_001.csv', 'tests/data/dummy_datasets_01/dummy_data_004.csv', 'tests/data/dummy_datasets/dummy_data_009.csv', 'tests/data/dummy_datasets_02/dummy_data_010.csv', 'tests/data/motion_data_004.csv', 'tests/data/dummy_datasets_01/dummy_data_005.csv', 'tests/data/joint_mlp_max_iter-200.csv', 'tests/data/joint_ridge_alpha-1.0.csv', 'tests/data/motion_data_008.csv', 'tests/data/rand_traj_step_sync_0-1-2.csv', 'tests/data/dummy_datasets/dummy_data_003.csv', 'tests/data/dummy_datasets_02/dummy_data_013.csv', 'tests/data/dummy_datasets_02/dummy_data_009.csv', 'tests/data/dummy_datasets/dummy_data_010.csv', 'tests/data/rand_traj_trapez_sync_0-1-2.csv', 'tests/data/simple_mlp_max_iter-500.csv', 'tests/data/motion_data_007.csv', 'tests/data/motion_data_002.csv', 'tests/data/dummy_datasets/dummy_data_006.csv', 'tests/data/dummy_datasets_02/dummy_data_017.csv', 'tests/data/rand_traj_trapez_sync_all.csv', 'tests/data/dummy_datasets_01/dummy_data_000.csv', 'tests/data/rand_traj_trapez_sync_1-3-5-7.csv', 'tests/data/joint_linear.csv', 'tests/data/dummy_datasets_02/dummy_data_001.csv', 'tests/data/dummy_datasets_01/dummy_data_008.csv', 'tests/data/dummy_datasets_02/dummy_data_014.csv', 'tests/data/rand_traj_trapez_async_0-1-2.csv', 'tests/data/motion_data_000.csv', 'tests/data/dummy_datasets_01/dummy_data_001.csv', 'tests/data/motion_data_006.csv', 'tests/data/dummy_datasets_01/dummy_data_003.csv', 'tests/data/dummy_datasets_01/dummy_data_002.csv', 'tests/data/rand_traj_trapez_async_all.csv', 'tests/data/dummy_datasets_02/dummy_data_015.csv', 'tests/data/rand_traj_trapez_async_1-3-5-7.csv']
2025-09-02 18:47:09,337 (event_logging:164) [DEBUG]: Start event logging
2025-09-02 18:47:09,337 (event_logging:165) [DEBUG]: Logger name: __main__
2025-09-02 18:47:09,338 (event_logging:166) [DEBUG]: Log filename: data/optimization/esn_uv_ok/optimize_esn_model.log
2025-09-02 18:47:09,338 (event_logging:168) [DEBUG]: Command: python apps/optimize_esn_model.py tests/data -n 1 -m apps/config/model.toml -a preview-ref -s none --opt-seed 42 --seed 42 --label esn_uv_ok --output data/optimization/esn_uv_ok --no-split-by-date --no-make-latest-symlink --overwrite -vv --train-size 0.8 --test-size 0.2 -j 0
2025-09-02 18:47:09,338 (optimize_esn_model:536) [INFO]: Output directory: data/optimization/esn_uv_ok
2025-09-02 18:47:09,338 (data_handling:162) [DEBUG]: Directory created: data/optimization/esn_uv_ok
2025-09-02 18:47:09,339 (data_handling:162) [DEBUG]: Directory created: data/optimization/esn_uv_ok/config
2025-09-02 18:47:09,348 (data_handling:180) [DEBUG]: Model config copied: None -> data/optimization/esn_uv_ok/config
2025-09-02 18:47:09,348 (optimize_esn_model:539) [DEBUG]: Parsed arguments: Namespace(base_dir='/mnt/c/Users/HosodaLab2/University/Reserch/reservoir/myrobot/ESN/data', joints=['0'], datasets=['tests/data'], trials=1, glob_pattern='**/*.csv', train_size=0.8, test_size=0.2, seed=42, opt_seed=42, shuffle=True, split_in_each_directory=False, model_config='apps/config/model.toml', adapter='preview-ref', scaler=['none'], output='data/optimization/esn_uv_ok', output_prefix='optimization', overwrite=True, label='esn_uv_ok', sublabel=None, split_by_date=False, specify_date=None, make_latest_symlink=False, verbose=2)
2025-09-02 18:47:09,348 (optimize_esn_model:275) [DEBUG]: Resolved active joints: [0]
2025-09-02 18:47:09,351 (optimize_esn_model:279) [DEBUG]: Model config file loaded: apps/config/model.toml
2025-09-02 18:47:09,351 (optimize_esn_model:282) [DEBUG]: Loading datasets with following condition:
2025-09-02 18:47:09,352 (optimize_esn_model:283) [DEBUG]:      Path list: ['tests/data']
2025-09-02 18:47:09,352 (optimize_esn_model:284) [DEBUG]:   glob pattern: **/*.csv
2025-09-02 18:47:09,368 (optimize_esn_model:303) [INFO]: Dataset files: train=62, test=15
2025-09-02 18:47:09,369 (model_utility:527) [DEBUG]: Loaded data adapter: PreviewRef(PreviewRefParams(active_joints=[0], dt=0.03333333333, ctrl_step=1, preview_step=5, include_dqdes=False))
2025-09-02 18:47:09,369 (optimize_esn_model:307) [INFO]: Optimizing parameters...
2025-09-02 18:47:09,369 (model_utility:713) [DEBUG]: Loading datasets from ['tests/data/dummy_datasets/dummy_data_004.csv', 'tests/data/dummy_datasets_02/dummy_data_006.csv', 'tests/data/dummy_datasets_02/dummy_data_003.csv', 'tests/data/dummy_datasets_01/dummy_data_006.csv', 'tests/data/dummy_datasets/dummy_data_007.csv', 'tests/data/dummy_datasets_02/dummy_data_008.csv', 'tests/data/reference_trajectory_000.csv', 'tests/data/test_spline_toy_data.csv', 'tests/data/simple_ridge_alpha-1.0.csv', 'tests/data/motion_data_010.csv', 'tests/data/rand_traj_step_sync_all.csv', 'tests/data/dummy_datasets/dummy_data_005.csv', 'tests/data/dummy_datasets/dummy_data_001.csv', 'tests/data/simple_linear.csv', 'tests/data/joint_mlp_hidden_layer_sizes-200_max_iter-500.csv', 'tests/data/dummy_datasets/dummy_data_002.csv', 'tests/data/joint_ridge_alpha-0.1.csv', 'tests/data/rand_traj_step_sync_1-3-5-7.csv', 'tests/data/simple_mlp_max_iter-200.csv', 'tests/data/dummy_datasets_01/dummy_data_009.csv', 'tests/data/simple_mlp_max_iter-800.csv', 'tests/data/motion_data_005.csv', 'tests/data/dummy_datasets_02/dummy_data_011.csv', 'tests/data/dummy_datasets_02/dummy_data_018.csv', 'tests/data/dummy_datasets_02/dummy_data_002.csv', 'tests/data/simple_ridge_alpha-0.1.csv', 'tests/data/motion_data_001.csv', 'tests/data/dummy_datasets_01/dummy_data_004.csv', 'tests/data/dummy_datasets/dummy_data_009.csv', 'tests/data/dummy_datasets_02/dummy_data_010.csv', 'tests/data/motion_data_004.csv', 'tests/data/dummy_datasets_01/dummy_data_005.csv', 'tests/data/joint_mlp_max_iter-200.csv', 'tests/data/joint_ridge_alpha-1.0.csv', 'tests/data/motion_data_008.csv', 'tests/data/rand_traj_step_sync_0-1-2.csv', 'tests/data/dummy_datasets/dummy_data_003.csv', 'tests/data/dummy_datasets_02/dummy_data_013.csv', 'tests/data/dummy_datasets_02/dummy_data_009.csv', 'tests/data/dummy_datasets/dummy_data_010.csv', 'tests/data/rand_traj_trapez_sync_0-1-2.csv', 'tests/data/simple_mlp_max_iter-500.csv', 'tests/data/motion_data_007.csv', 'tests/data/motion_data_002.csv', 'tests/data/dummy_datasets/dummy_data_006.csv', 'tests/data/dummy_datasets_02/dummy_data_017.csv', 'tests/data/rand_traj_trapez_sync_all.csv', 'tests/data/dummy_datasets_01/dummy_data_000.csv', 'tests/data/rand_traj_trapez_sync_1-3-5-7.csv', 'tests/data/joint_linear.csv', 'tests/data/dummy_datasets_02/dummy_data_001.csv', 'tests/data/dummy_datasets_01/dummy_data_008.csv', 'tests/data/dummy_datasets_02/dummy_data_014.csv', 'tests/data/rand_traj_trapez_async_0-1-2.csv', 'tests/data/motion_data_000.csv', 'tests/data/dummy_datasets_01/dummy_data_001.csv', 'tests/data/motion_data_006.csv', 'tests/data/dummy_datasets_01/dummy_data_003.csv', 'tests/data/dummy_datasets_01/dummy_data_002.csv', 'tests/data/rand_traj_trapez_async_all.csv', 'tests/data/dummy_datasets_02/dummy_data_015.csv', 'tests/data/rand_traj_trapez_async_1-3-5-7.csv']
