2025-09-25 16:28:37,033 (event_logging:164) [DEBUG]: Start event logging
2025-09-25 16:28:37,033 (event_logging:165) [DEBUG]: Logger name: __main__
2025-09-25 16:28:37,035 (event_logging:166) [DEBUG]: Log filename: C:\Users\yuma_\Desktop\M1_reservoir\MizukiROBOT\data\trained_model\MixAll.seed42.step10\20250925T162837\train_model.log
2025-09-25 16:28:37,035 (event_logging:168) [DEBUG]: Command: python desktop/apps/train_model.py -vv desktop/data/myrobot/hirai/csv/20250924/20250924/step/fast desktop/data/myrobot/hirai/csv/20250925/20250925/step/middle desktop/data/myrobot/hirai/csv/20250925/20250925/step/slow desktop/data/myrobot/hirai/csv/20250925/20250925/trapezoid/fast desktop/data/myrobot/hirai/csv/20250925/20250925/trapezoid/middle desktop/data/myrobot/hirai/csv/20250925/20250925/trapezoid/slow -j 5 --train-size 0.25 --seed 42 -m desktop/apps/config/model.toml -a preview-ref.testing -s std -r mlp --include-tension --label MixAll.seed42.step10 --overwrite --no-make-latest-symlink
2025-09-25 16:28:37,037 (train_model:287) [INFO]: Output directory: C:\Users\yuma_\Desktop\M1_reservoir\MizukiROBOT\data\trained_model\MixAll.seed42.step10\20250925T162837
2025-09-25 16:28:37,038 (data_handling:162) [DEBUG]: Directory created: C:\Users\yuma_\Desktop\M1_reservoir\MizukiROBOT\data\trained_model\MixAll.seed42.step10\20250925T162837
2025-09-25 16:28:37,038 (data_handling:162) [DEBUG]: Directory created: C:\Users\yuma_\Desktop\M1_reservoir\MizukiROBOT\data\trained_model\MixAll.seed42.step10\20250925T162837\config
2025-09-25 16:28:37,039 (data_handling:180) [DEBUG]: Model config copied: None -> C:\Users\yuma_\Desktop\M1_reservoir\MizukiROBOT\data\trained_model\MixAll.seed42.step10\20250925T162837\config
2025-09-25 16:28:37,040 (train_model:290) [DEBUG]: Parsed arguments: Namespace(base_dir='C:\\Users\\yuma_\\Desktop\\M1_reservoir\\MizukiROBOT\\data', joints=['5'], datasets=['desktop/data/myrobot/hirai/csv/20250924/20250924/step/fast', 'desktop/data/myrobot/hirai/csv/20250925/20250925/step/middle', 'desktop/data/myrobot/hirai/csv/20250925/20250925/step/slow', 'desktop/data/myrobot/hirai/csv/20250925/20250925/trapezoid/fast', 'desktop/data/myrobot/hirai/csv/20250925/20250925/trapezoid/middle', 'desktop/data/myrobot/hirai/csv/20250925/20250925/trapezoid/slow'], glob_pattern='**/*.csv', train_size=0.25, test_size=None, seed=42, shuffle=True, split_in_each_directory=False, model_config='desktop/apps/config/model.toml', adapter='preview-ref.testing', scaler='std', regressor='mlp', include_tension=True, output=None, output_prefix='trained_model', overwrite=True, label='MixAll.seed42.step10', sublabel=None, split_by_date=True, specify_date=None, make_latest_symlink=False, verbose=2)
2025-09-25 16:28:37,040 (train_model:74) [DEBUG]: Resolved active joints: [5]
2025-09-25 16:28:37,041 (train_model:78) [DEBUG]: Model config file loaded: desktop/apps/config/model.toml
2025-09-25 16:28:37,041 (train_model:81) [DEBUG]: Loading datasets with following condition:
2025-09-25 16:28:37,041 (train_model:82) [DEBUG]:      Path list: ['desktop/data/myrobot/hirai/csv/20250924/20250924/step/fast', 'desktop/data/myrobot/hirai/csv/20250925/20250925/step/middle', 'desktop/data/myrobot/hirai/csv/20250925/20250925/step/slow', 'desktop/data/myrobot/hirai/csv/20250925/20250925/trapezoid/fast', 'desktop/data/myrobot/hirai/csv/20250925/20250925/trapezoid/middle', 'desktop/data/myrobot/hirai/csv/20250925/20250925/trapezoid/slow']
2025-09-25 16:28:37,042 (train_model:83) [DEBUG]:   glob pattern: **/*.csv
2025-09-25 16:28:37,055 (model_utility:666) [DEBUG]: Loading datasets from ['desktop\\data\\myrobot\\hirai\\csv\\20250925\\20250925\\trapezoid\\fast\\motion_data_023.csv', 'desktop\\data\\myrobot\\hirai\\csv\\20250924\\20250924\\step\\fast\\motion_data_093.csv', 'desktop\\data\\myrobot\\hirai\\csv\\20250925\\20250925\\trapezoid\\fast\\motion_data_050.csv', 'desktop\\data\\myrobot\\hirai\\csv\\20250925\\20250925\\trapezoid\\middle\\motion_data_097.csv', 'desktop\\data\\myrobot\\hirai\\csv\\20250925\\20250925\\trapezoid\\slow\\motion_data_007.csv', 'desktop\\data\\myrobot\\hirai\\csv\\20250925\\20250925\\trapezoid\\fast\\motion_data_080.csv', 'desktop\\data\\myrobot\\hirai\\csv\\20250925\\20250925\\trapezoid\\fast\\motion_data_028.csv', 'desktop\\data\\myrobot\\hirai\\csv\\20250925\\20250925\\step\\slow\\motion_data_051.csv', 'desktop\\data\\myrobot\\hirai\\csv\\20250925\\20250925\\trapezoid\\fast\\motion_data_089.csv', 'desktop\\data\\myrobot\\hirai\\csv\\20250925\\20250925\\trapezoid\\fast\\motion_data_097.csv', 'desktop\\data\\myrobot\\hirai\\csv\\20250925\\20250925\\trapezoid\\slow\\motion_data_045.csv', 'desktop\\data\\myrobot\\hirai\\csv\\20250924\\20250924\\step\\fast\\motion_data_032.csv', 'desktop\\data\\myrobot\\hirai\\csv\\20250925\\20250925\\trapezoid\\fast\\motion_data_086.csv', 'desktop\\data\\myrobot\\hirai\\csv\\20250925\\20250925\\trapezoid\\middle\\motion_data_073.csv', 'desktop\\data\\myrobot\\hirai\\csv\\20250925\\20250925\\step\\middle\\motion_data_055.csv', 'desktop\\data\\myrobot\\hirai\\csv\\20250925\\20250925\\trapezoid\\middle\\motion_data_053.csv', 'desktop\\data\\myrobot\\hirai\\csv\\20250925\\20250925\\trapezoid\\middle\\motion_data_040.csv', 'desktop\\data\\myrobot\\hirai\\csv\\20250925\\20250925\\trapezoid\\fast\\motion_data_081.csv', 'desktop\\data\\myrobot\\hirai\\csv\\20250925\\20250925\\step\\middle\\motion_data_028.csv', 'desktop\\data\\myrobot\\hirai\\csv\\20250925\\20250925\\step\\middle\\motion_data_021.csv', 'desktop\\data\\myrobot\\hirai\\csv\\20250925\\20250925\\step\\slow\\motion_data_027.csv', 'desktop\\data\\myrobot\\hirai\\csv\\20250925\\20250925\\trapezoid\\fast\\motion_data_069.csv', 'desktop\\data\\myrobot\\hirai\\csv\\20250925\\20250925\\step\\middle\\motion_data_030.csv', 'desktop\\data\\myrobot\\hirai\\csv\\20250925\\20250925\\trapezoid\\fast\\motion_data_064.csv', 'desktop\\data\\myrobot\\hirai\\csv\\20250925\\20250925\\trapezoid\\middle\\motion_data_016.csv', 'desktop\\data\\myrobot\\hirai\\csv\\20250925\\20250925\\trapezoid\\middle\\motion_data_052.csv', 'desktop\\data\\myrobot\\hirai\\csv\\20250924\\20250924\\step\\fast\\motion_data_081.csv', 'desktop\\data\\myrobot\\hirai\\csv\\20250925\\20250925\\trapezoid\\middle\\motion_data_079.csv', 'desktop\\data\\myrobot\\hirai\\csv\\20250925\\20250925\\trapezoid\\fast\\motion_data_008.csv', 'desktop\\data\\myrobot\\hirai\\csv\\20250925\\20250925\\trapezoid\\slow\\motion_data_016.csv', 'desktop\\data\\myrobot\\hirai\\csv\\20250925\\20250925\\trapezoid\\fast\\motion_data_070.csv', 'desktop\\data\\myrobot\\hirai\\csv\\20250925\\20250925\\trapezoid\\fast\\motion_data_011.csv', 'desktop\\data\\myrobot\\hirai\\csv\\20250925\\20250925\\trapezoid\\fast\\motion_data_061.csv', 'desktop\\data\\myrobot\\hirai\\csv\\20250925\\20250925\\trapezoid\\middle\\motion_data_050.csv', 'desktop\\data\\myrobot\\hirai\\csv\\20250924\\20250924\\step\\fast\\motion_data_052.csv', 'desktop\\data\\myrobot\\hirai\\csv\\20250924\\20250924\\step\\fast\\motion_data_074.csv', 'desktop\\data\\myrobot\\hirai\\csv\\20250925\\20250925\\trapezoid\\fast\\motion_data_042.csv', 'desktop\\data\\myrobot\\hirai\\csv\\20250924\\20250924\\step\\fast\\motion_data_028.csv', 'desktop\\data\\myrobot\\hirai\\csv\\20250925\\20250925\\step\\slow\\motion_data_067.csv', 'desktop\\data\\myrobot\\hirai\\csv\\20250925\\20250925\\step\\slow\\motion_data_009.csv', 'desktop\\data\\myrobot\\hirai\\csv\\20250925\\20250925\\step\\middle\\motion_data_006.csv', 'desktop\\data\\myrobot\\hirai\\csv\\20250925\\20250925\\step\\middle\\motion_data_022.csv', 'desktop\\data\\myrobot\\hirai\\csv\\20250925\\20250925\\trapezoid\\fast\\motion_data_076.csv', 'desktop\\data\\myrobot\\hirai\\csv\\20250925\\20250925\\trapezoid\\fast\\motion_data_096.csv', 'desktop\\data\\myrobot\\hirai\\csv\\20250924\\20250924\\step\\fast\\motion_data_014.csv', 'desktop\\data\\myrobot\\hirai\\csv\\20250924\\20250924\\step\\fast\\motion_data_021.csv', 'desktop\\data\\myrobot\\hirai\\csv\\20250925\\20250925\\step\\slow\\motion_data_018.csv', 'desktop\\data\\myrobot\\hirai\\csv\\20250925\\20250925\\trapezoid\\fast\\motion_data_084.csv', 'desktop\\data\\myrobot\\hirai\\csv\\20250925\\20250925\\step\\middle\\motion_data_005.csv', 'desktop\\data\\myrobot\\hirai\\csv\\20250925\\20250925\\step\\slow\\motion_data_066.csv', 'desktop\\data\\myrobot\\hirai\\csv\\20250925\\20250925\\trapezoid\\fast\\motion_data_047.csv', 'desktop\\data\\myrobot\\hirai\\csv\\20250925\\20250925\\trapezoid\\middle\\motion_data_045.csv', 'desktop\\data\\myrobot\\hirai\\csv\\20250925\\20250925\\step\\middle\\motion_data_090.csv', 'desktop\\data\\myrobot\\hirai\\csv\\20250925\\20250925\\trapezoid\\slow\\motion_data_017.csv', 'desktop\\data\\myrobot\\hirai\\csv\\20250925\\20250925\\trapezoid\\middle\\motion_data_066.csv', 'desktop\\data\\myrobot\\hirai\\csv\\20250925\\20250925\\trapezoid\\slow\\motion_data_006.csv', 'desktop\\data\\myrobot\\hirai\\csv\\20250924\\20250924\\step\\fast\\motion_data_039.csv', 'desktop\\data\\myrobot\\hirai\\csv\\20250925\\20250925\\trapezoid\\fast\\motion_data_039.csv', 'desktop\\data\\myrobot\\hirai\\csv\\20250925\\20250925\\trapezoid\\middle\\motion_data_049.csv', 'desktop\\data\\myrobot\\hirai\\csv\\20250925\\20250925\\step\\middle\\motion_data_088.csv', 'desktop\\data\\myrobot\\hirai\\csv\\20250925\\20250925\\trapezoid\\middle\\motion_data_003.csv', 'desktop\\data\\myrobot\\hirai\\csv\\20250924\\20250924\\step\\fast\\motion_data_013.csv', 'desktop\\data\\myrobot\\hirai\\csv\\20250925\\20250925\\step\\middle\\motion_data_089.csv', 'desktop\\data\\myrobot\\hirai\\csv\\20250924\\20250924\\step\\fast\\motion_data_087.csv', 'desktop\\data\\myrobot\\hirai\\csv\\20250925\\20250925\\trapezoid\\middle\\motion_data_083.csv', 'desktop\\data\\myrobot\\hirai\\csv\\20250924\\20250924\\step\\fast\\motion_data_005.csv', 'desktop\\data\\myrobot\\hirai\\csv\\20250925\\20250925\\trapezoid\\slow\\motion_data_071.csv', 'desktop\\data\\myrobot\\hirai\\csv\\20250925\\20250925\\trapezoid\\middle\\motion_data_042.csv', 'desktop\\data\\myrobot\\hirai\\csv\\20250925\\20250925\\trapezoid\\slow\\motion_data_068.csv', 'desktop\\data\\myrobot\\hirai\\csv\\20250925\\20250925\\trapezoid\\fast\\motion_data_085.csv', 'desktop\\data\\myrobot\\hirai\\csv\\20250925\\20250925\\trapezoid\\fast\\motion_data_032.csv', 'desktop\\data\\myrobot\\hirai\\csv\\20250925\\20250925\\trapezoid\\fast\\motion_data_059.csv', 'desktop\\data\\myrobot\\hirai\\csv\\20250925\\20250925\\trapezoid\\slow\\motion_data_004.csv', 'desktop\\data\\myrobot\\hirai\\csv\\20250925\\20250925\\trapezoid\\slow\\motion_data_077.csv', 'desktop\\data\\myrobot\\hirai\\csv\\20250925\\20250925\\trapezoid\\fast\\motion_data_075.csv', 'desktop\\data\\myrobot\\hirai\\csv\\20250925\\20250925\\step\\middle\\motion_data_014.csv', 'desktop\\data\\myrobot\\hirai\\csv\\20250925\\20250925\\step\\middle\\motion_data_070.csv', 'desktop\\data\\myrobot\\hirai\\csv\\20250925\\20250925\\step\\middle\\motion_data_023.csv', 'desktop\\data\\myrobot\\hirai\\csv\\20250925\\20250925\\trapezoid\\fast\\motion_data_001.csv', 'desktop\\data\\myrobot\\hirai\\csv\\20250925\\20250925\\trapezoid\\slow\\motion_data_049.csv', 'desktop\\data\\myrobot\\hirai\\csv\\20250925\\20250925\\trapezoid\\slow\\motion_data_008.csv', 'desktop\\data\\myrobot\\hirai\\csv\\20250925\\20250925\\step\\slow\\motion_data_021.csv', 'desktop\\data\\myrobot\\hirai\\csv\\20250925\\20250925\\step\\middle\\motion_data_011.csv', 'desktop\\data\\myrobot\\hirai\\csv\\20250925\\20250925\\trapezoid\\middle\\motion_data_075.csv', 'desktop\\data\\myrobot\\hirai\\csv\\20250925\\20250925\\trapezoid\\middle\\motion_data_084.csv', 'desktop\\data\\myrobot\\hirai\\csv\\20250925\\20250925\\trapezoid\\fast\\motion_data_029.csv', 'desktop\\data\\myrobot\\hirai\\csv\\20250925\\20250925\\step\\slow\\motion_data_079.csv', 'desktop\\data\\myrobot\\hirai\\csv\\20250925\\20250925\\step\\slow\\motion_data_077.csv', 'desktop\\data\\myrobot\\hirai\\csv\\20250925\\20250925\\trapezoid\\fast\\motion_data_049.csv', 'desktop\\data\\myrobot\\hirai\\csv\\20250925\\20250925\\step\\middle\\motion_data_087.csv', 'desktop\\data\\myrobot\\hirai\\csv\\20250924\\20250924\\step\\fast\\motion_data_065.csv', 'desktop\\data\\myrobot\\hirai\\csv\\20250925\\20250925\\trapezoid\\slow\\motion_data_085.csv', 'desktop\\data\\myrobot\\hirai\\csv\\20250924\\20250924\\step\\fast\\motion_data_069.csv', 'desktop\\data\\myrobot\\hirai\\csv\\20250925\\20250925\\trapezoid\\middle\\motion_data_010.csv', 'desktop\\data\\myrobot\\hirai\\csv\\20250925\\20250925\\step\\middle\\motion_data_077.csv', 'desktop\\data\\myrobot\\hirai\\csv\\20250925\\20250925\\trapezoid\\slow\\motion_data_091.csv', 'desktop\\data\\myrobot\\hirai\\csv\\20250925\\20250925\\step\\middle\\motion_data_017.csv', 'desktop\\data\\myrobot\\hirai\\csv\\20250925\\20250925\\trapezoid\\fast\\motion_data_072.csv', 'desktop\\data\\myrobot\\hirai\\csv\\20250924\\20250924\\step\\fast\\motion_data_010.csv', 'desktop\\data\\myrobot\\hirai\\csv\\20250924\\20250924\\step\\fast\\motion_data_063.csv', 'desktop\\data\\myrobot\\hirai\\csv\\20250925\\20250925\\trapezoid\\slow\\motion_data_000.csv', 'desktop\\data\\myrobot\\hirai\\csv\\20250924\\20250924\\step\\fast\\motion_data_001.csv', 'desktop\\data\\myrobot\\hirai\\csv\\20250924\\20250924\\step\\fast\\motion_data_042.csv', 'desktop\\data\\myrobot\\hirai\\csv\\20250925\\20250925\\trapezoid\\slow\\motion_data_029.csv', 'desktop\\data\\myrobot\\hirai\\csv\\20250925\\20250925\\step\\middle\\motion_data_067.csv', 'desktop\\data\\myrobot\\hirai\\csv\\20250924\\20250924\\step\\fast\\motion_data_076.csv', 'desktop\\data\\myrobot\\hirai\\csv\\20250925\\20250925\\trapezoid\\fast\\motion_data_013.csv', 'desktop\\data\\myrobot\\hirai\\csv\\20250925\\20250925\\step\\slow\\motion_data_096.csv', 'desktop\\data\\myrobot\\hirai\\csv\\20250925\\20250925\\trapezoid\\slow\\motion_data_002.csv', 'desktop\\data\\myrobot\\hirai\\csv\\20250925\\20250925\\trapezoid\\middle\\motion_data_090.csv', 'desktop\\data\\myrobot\\hirai\\csv\\20250925\\20250925\\trapezoid\\slow\\motion_data_043.csv', 'desktop\\data\\myrobot\\hirai\\csv\\20250925\\20250925\\trapezoid\\slow\\motion_data_062.csv', 'desktop\\data\\myrobot\\hirai\\csv\\20250925\\20250925\\step\\slow\\motion_data_090.csv', 'desktop\\data\\myrobot\\hirai\\csv\\20250925\\20250925\\step\\slow\\motion_data_012.csv', 'desktop\\data\\myrobot\\hirai\\csv\\20250925\\20250925\\trapezoid\\slow\\motion_data_055.csv', 'desktop\\data\\myrobot\\hirai\\csv\\20250925\\20250925\\trapezoid\\slow\\motion_data_079.csv', 'desktop\\data\\myrobot\\hirai\\csv\\20250925\\20250925\\trapezoid\\fast\\motion_data_017.csv', 'desktop\\data\\myrobot\\hirai\\csv\\20250924\\20250924\\step\\fast\\motion_data_057.csv', 'desktop\\data\\myrobot\\hirai\\csv\\20250925\\20250925\\trapezoid\\slow\\motion_data_035.csv', 'desktop\\data\\myrobot\\hirai\\csv\\20250925\\20250925\\step\\slow\\motion_data_072.csv', 'desktop\\data\\myrobot\\hirai\\csv\\20250924\\20250924\\step\\fast\\motion_data_015.csv', 'desktop\\data\\myrobot\\hirai\\csv\\20250925\\20250925\\trapezoid\\middle\\motion_data_032.csv', 'desktop\\data\\myrobot\\hirai\\csv\\20250925\\20250925\\trapezoid\\slow\\motion_data_003.csv', 'desktop\\data\\myrobot\\hirai\\csv\\20250925\\20250925\\step\\middle\\motion_data_037.csv', 'desktop\\data\\myrobot\\hirai\\csv\\20250925\\20250925\\step\\slow\\motion_data_087.csv', 'desktop\\data\\myrobot\\hirai\\csv\\20250925\\20250925\\trapezoid\\middle\\motion_data_051.csv', 'desktop\\data\\myrobot\\hirai\\csv\\20250925\\20250925\\trapezoid\\slow\\motion_data_028.csv', 'desktop\\data\\myrobot\\hirai\\csv\\20250925\\20250925\\trapezoid\\fast\\motion_data_000.csv', 'desktop\\data\\myrobot\\hirai\\csv\\20250925\\20250925\\step\\middle\\motion_data_095.csv', 'desktop\\data\\myrobot\\hirai\\csv\\20250924\\20250924\\step\\fast\\motion_data_034.csv', 'desktop\\data\\myrobot\\hirai\\csv\\20250925\\20250925\\step\\slow\\motion_data_086.csv', 'desktop\\data\\myrobot\\hirai\\csv\\20250925\\20250925\\trapezoid\\fast\\motion_data_014.csv', 'desktop\\data\\myrobot\\hirai\\csv\\20250925\\20250925\\trapezoid\\slow\\motion_data_047.csv', 'desktop\\data\\myrobot\\hirai\\csv\\20250925\\20250925\\trapezoid\\fast\\motion_data_033.csv', 'desktop\\data\\myrobot\\hirai\\csv\\20250925\\20250925\\step\\middle\\motion_data_082.csv', 'desktop\\data\\myrobot\\hirai\\csv\\20250924\\20250924\\step\\fast\\motion_data_049.csv', 'desktop\\data\\myrobot\\hirai\\csv\\20250925\\20250925\\trapezoid\\slow\\motion_data_018.csv', 'desktop\\data\\myrobot\\hirai\\csv\\20250925\\20250925\\step\\middle\\motion_data_002.csv', 'desktop\\data\\myrobot\\hirai\\csv\\20250924\\20250924\\step\\fast\\motion_data_041.csv', 'desktop\\data\\myrobot\\hirai\\csv\\20250925\\20250925\\trapezoid\\slow\\motion_data_053.csv', 'desktop\\data\\myrobot\\hirai\\csv\\20250925\\20250925\\trapezoid\\fast\\motion_data_066.csv', 'desktop\\data\\myrobot\\hirai\\csv\\20250925\\20250925\\trapezoid\\slow\\motion_data_034.csv', 'desktop\\data\\myrobot\\hirai\\csv\\20250925\\20250925\\step\\slow\\motion_data_075.csv', 'desktop\\data\\myrobot\\hirai\\csv\\20250925\\20250925\\trapezoid\\fast\\motion_data_003.csv', 'desktop\\data\\myrobot\\hirai\\csv\\20250925\\20250925\\step\\middle\\motion_data_013.csv', 'desktop\\data\\myrobot\\hirai\\csv\\20250925\\20250925\\trapezoid\\middle\\motion_data_037.csv', 'desktop\\data\\myrobot\\hirai\\csv\\20250925\\20250925\\trapezoid\\middle\\motion_data_091.csv', 'desktop\\data\\myrobot\\hirai\\csv\\20250925\\20250925\\trapezoid\\slow\\motion_data_026.csv', 'desktop\\data\\myrobot\\hirai\\csv\\20250925\\20250925\\step\\middle\\motion_data_041.csv', 'desktop\\data\\myrobot\\hirai\\csv\\20250925\\20250925\\trapezoid\\slow\\motion_data_048.csv']
2025-09-25 16:28:38,204 (model_utility:670) [INFO]: 150 datasets loaded in total
2025-09-25 16:28:38,205 (model_utility:587) [DEBUG]: Loaded data adapter: PreviewRef(PreviewRefParams(active_joints=[5], dt=0.03333333333, ctrl_step=1, preview_step=10, include_dqdes=False, include_tension=False, use_indexed_columns=False))
2025-09-25 16:28:38,205 (train_model:100) [INFO]: Adapter include_tension overridden: True
2025-09-25 16:28:38,205 (model_utility:597) [DEBUG]: Loaded scaler: StandardScaler()
2025-09-25 16:28:38,213 (model_utility:605) [DEBUG]: Loaded regressor: MLPRegressor()
2025-09-25 16:28:38,213 (train_model:106) [INFO]: Training model...
2025-09-25 16:28:38,216 (model_utility:692) [DEBUG]: Loaded dataset: desktop\data\myrobot\hirai\csv\20250925\20250925\trapezoid\fast\motion_data_023.csv
2025-09-25 16:28:38,226 (model_utility:692) [DEBUG]: Loaded dataset: desktop\data\myrobot\hirai\csv\20250924\20250924\step\fast\motion_data_093.csv
2025-09-25 16:28:38,228 (model_utility:692) [DEBUG]: Loaded dataset: desktop\data\myrobot\hirai\csv\20250925\20250925\trapezoid\fast\motion_data_050.csv
2025-09-25 16:28:38,229 (model_utility:692) [DEBUG]: Loaded dataset: desktop\data\myrobot\hirai\csv\20250925\20250925\trapezoid\middle\motion_data_097.csv
2025-09-25 16:28:38,231 (model_utility:692) [DEBUG]: Loaded dataset: desktop\data\myrobot\hirai\csv\20250925\20250925\trapezoid\slow\motion_data_007.csv
2025-09-25 16:28:38,233 (model_utility:692) [DEBUG]: Loaded dataset: desktop\data\myrobot\hirai\csv\20250925\20250925\trapezoid\fast\motion_data_080.csv
2025-09-25 16:28:38,235 (model_utility:692) [DEBUG]: Loaded dataset: desktop\data\myrobot\hirai\csv\20250925\20250925\trapezoid\fast\motion_data_028.csv
2025-09-25 16:28:38,238 (model_utility:692) [DEBUG]: Loaded dataset: desktop\data\myrobot\hirai\csv\20250925\20250925\step\slow\motion_data_051.csv
2025-09-25 16:28:38,241 (model_utility:692) [DEBUG]: Loaded dataset: desktop\data\myrobot\hirai\csv\20250925\20250925\trapezoid\fast\motion_data_089.csv
2025-09-25 16:28:38,243 (model_utility:692) [DEBUG]: Loaded dataset: desktop\data\myrobot\hirai\csv\20250925\20250925\trapezoid\fast\motion_data_097.csv
2025-09-25 16:28:38,245 (model_utility:692) [DEBUG]: Loaded dataset: desktop\data\myrobot\hirai\csv\20250925\20250925\trapezoid\slow\motion_data_045.csv
2025-09-25 16:28:38,247 (model_utility:692) [DEBUG]: Loaded dataset: desktop\data\myrobot\hirai\csv\20250924\20250924\step\fast\motion_data_032.csv
2025-09-25 16:28:38,248 (model_utility:692) [DEBUG]: Loaded dataset: desktop\data\myrobot\hirai\csv\20250925\20250925\trapezoid\fast\motion_data_086.csv
2025-09-25 16:28:38,251 (model_utility:692) [DEBUG]: Loaded dataset: desktop\data\myrobot\hirai\csv\20250925\20250925\trapezoid\middle\motion_data_073.csv
2025-09-25 16:28:38,254 (model_utility:692) [DEBUG]: Loaded dataset: desktop\data\myrobot\hirai\csv\20250925\20250925\step\middle\motion_data_055.csv
2025-09-25 16:28:38,258 (model_utility:692) [DEBUG]: Loaded dataset: desktop\data\myrobot\hirai\csv\20250925\20250925\trapezoid\middle\motion_data_053.csv
2025-09-25 16:28:38,263 (model_utility:692) [DEBUG]: Loaded dataset: desktop\data\myrobot\hirai\csv\20250925\20250925\trapezoid\middle\motion_data_040.csv
2025-09-25 16:28:38,265 (model_utility:692) [DEBUG]: Loaded dataset: desktop\data\myrobot\hirai\csv\20250925\20250925\trapezoid\fast\motion_data_081.csv
2025-09-25 16:28:38,270 (model_utility:692) [DEBUG]: Loaded dataset: desktop\data\myrobot\hirai\csv\20250925\20250925\step\middle\motion_data_028.csv
2025-09-25 16:28:38,276 (model_utility:692) [DEBUG]: Loaded dataset: desktop\data\myrobot\hirai\csv\20250925\20250925\step\middle\motion_data_021.csv
2025-09-25 16:28:38,279 (model_utility:692) [DEBUG]: Loaded dataset: desktop\data\myrobot\hirai\csv\20250925\20250925\step\slow\motion_data_027.csv
2025-09-25 16:28:38,281 (model_utility:692) [DEBUG]: Loaded dataset: desktop\data\myrobot\hirai\csv\20250925\20250925\trapezoid\fast\motion_data_069.csv
2025-09-25 16:28:38,285 (model_utility:692) [DEBUG]: Loaded dataset: desktop\data\myrobot\hirai\csv\20250925\20250925\step\middle\motion_data_030.csv
2025-09-25 16:28:38,290 (model_utility:692) [DEBUG]: Loaded dataset: desktop\data\myrobot\hirai\csv\20250925\20250925\trapezoid\fast\motion_data_064.csv
2025-09-25 16:28:38,293 (model_utility:692) [DEBUG]: Loaded dataset: desktop\data\myrobot\hirai\csv\20250925\20250925\trapezoid\middle\motion_data_016.csv
2025-09-25 16:28:38,296 (model_utility:692) [DEBUG]: Loaded dataset: desktop\data\myrobot\hirai\csv\20250925\20250925\trapezoid\middle\motion_data_052.csv
2025-09-25 16:28:38,299 (model_utility:692) [DEBUG]: Loaded dataset: desktop\data\myrobot\hirai\csv\20250924\20250924\step\fast\motion_data_081.csv
2025-09-25 16:28:38,303 (model_utility:692) [DEBUG]: Loaded dataset: desktop\data\myrobot\hirai\csv\20250925\20250925\trapezoid\middle\motion_data_079.csv
2025-09-25 16:28:38,306 (model_utility:692) [DEBUG]: Loaded dataset: desktop\data\myrobot\hirai\csv\20250925\20250925\trapezoid\fast\motion_data_008.csv
2025-09-25 16:28:38,311 (model_utility:692) [DEBUG]: Loaded dataset: desktop\data\myrobot\hirai\csv\20250925\20250925\trapezoid\slow\motion_data_016.csv
2025-09-25 16:28:38,314 (model_utility:692) [DEBUG]: Loaded dataset: desktop\data\myrobot\hirai\csv\20250925\20250925\trapezoid\fast\motion_data_070.csv
2025-09-25 16:28:38,318 (model_utility:692) [DEBUG]: Loaded dataset: desktop\data\myrobot\hirai\csv\20250925\20250925\trapezoid\fast\motion_data_011.csv
2025-09-25 16:28:38,323 (model_utility:692) [DEBUG]: Loaded dataset: desktop\data\myrobot\hirai\csv\20250925\20250925\trapezoid\fast\motion_data_061.csv
2025-09-25 16:28:38,329 (model_utility:692) [DEBUG]: Loaded dataset: desktop\data\myrobot\hirai\csv\20250925\20250925\trapezoid\middle\motion_data_050.csv
2025-09-25 16:28:38,333 (model_utility:692) [DEBUG]: Loaded dataset: desktop\data\myrobot\hirai\csv\20250924\20250924\step\fast\motion_data_052.csv
2025-09-25 16:28:38,337 (model_utility:692) [DEBUG]: Loaded dataset: desktop\data\myrobot\hirai\csv\20250924\20250924\step\fast\motion_data_074.csv
2025-09-25 16:28:38,342 (model_utility:692) [DEBUG]: Loaded dataset: desktop\data\myrobot\hirai\csv\20250925\20250925\trapezoid\fast\motion_data_042.csv
2025-09-25 16:28:38,346 (model_utility:692) [DEBUG]: Loaded dataset: desktop\data\myrobot\hirai\csv\20250924\20250924\step\fast\motion_data_028.csv
2025-09-25 16:28:38,350 (model_utility:692) [DEBUG]: Loaded dataset: desktop\data\myrobot\hirai\csv\20250925\20250925\step\slow\motion_data_067.csv
2025-09-25 16:28:38,355 (model_utility:692) [DEBUG]: Loaded dataset: desktop\data\myrobot\hirai\csv\20250925\20250925\step\slow\motion_data_009.csv
2025-09-25 16:28:38,360 (model_utility:692) [DEBUG]: Loaded dataset: desktop\data\myrobot\hirai\csv\20250925\20250925\step\middle\motion_data_006.csv
2025-09-25 16:28:38,363 (model_utility:692) [DEBUG]: Loaded dataset: desktop\data\myrobot\hirai\csv\20250925\20250925\step\middle\motion_data_022.csv
2025-09-25 16:28:38,367 (model_utility:692) [DEBUG]: Loaded dataset: desktop\data\myrobot\hirai\csv\20250925\20250925\trapezoid\fast\motion_data_076.csv
2025-09-25 16:28:38,373 (model_utility:692) [DEBUG]: Loaded dataset: desktop\data\myrobot\hirai\csv\20250925\20250925\trapezoid\fast\motion_data_096.csv
2025-09-25 16:28:38,378 (model_utility:692) [DEBUG]: Loaded dataset: desktop\data\myrobot\hirai\csv\20250924\20250924\step\fast\motion_data_014.csv
2025-09-25 16:28:38,383 (model_utility:692) [DEBUG]: Loaded dataset: desktop\data\myrobot\hirai\csv\20250924\20250924\step\fast\motion_data_021.csv
2025-09-25 16:28:38,390 (model_utility:692) [DEBUG]: Loaded dataset: desktop\data\myrobot\hirai\csv\20250925\20250925\step\slow\motion_data_018.csv
2025-09-25 16:28:38,395 (model_utility:692) [DEBUG]: Loaded dataset: desktop\data\myrobot\hirai\csv\20250925\20250925\trapezoid\fast\motion_data_084.csv
2025-09-25 16:28:38,401 (model_utility:692) [DEBUG]: Loaded dataset: desktop\data\myrobot\hirai\csv\20250925\20250925\step\middle\motion_data_005.csv
2025-09-25 16:28:38,406 (model_utility:692) [DEBUG]: Loaded dataset: desktop\data\myrobot\hirai\csv\20250925\20250925\step\slow\motion_data_066.csv
2025-09-25 16:28:38,412 (model_utility:692) [DEBUG]: Loaded dataset: desktop\data\myrobot\hirai\csv\20250925\20250925\trapezoid\fast\motion_data_047.csv
2025-09-25 16:28:38,417 (model_utility:692) [DEBUG]: Loaded dataset: desktop\data\myrobot\hirai\csv\20250925\20250925\trapezoid\middle\motion_data_045.csv
2025-09-25 16:28:38,424 (model_utility:692) [DEBUG]: Loaded dataset: desktop\data\myrobot\hirai\csv\20250925\20250925\step\middle\motion_data_090.csv
2025-09-25 16:28:38,429 (model_utility:692) [DEBUG]: Loaded dataset: desktop\data\myrobot\hirai\csv\20250925\20250925\trapezoid\slow\motion_data_017.csv
2025-09-25 16:28:38,435 (model_utility:692) [DEBUG]: Loaded dataset: desktop\data\myrobot\hirai\csv\20250925\20250925\trapezoid\middle\motion_data_066.csv
2025-09-25 16:28:38,441 (model_utility:692) [DEBUG]: Loaded dataset: desktop\data\myrobot\hirai\csv\20250925\20250925\trapezoid\slow\motion_data_006.csv
2025-09-25 16:28:38,446 (model_utility:692) [DEBUG]: Loaded dataset: desktop\data\myrobot\hirai\csv\20250924\20250924\step\fast\motion_data_039.csv
2025-09-25 16:28:38,452 (model_utility:692) [DEBUG]: Loaded dataset: desktop\data\myrobot\hirai\csv\20250925\20250925\trapezoid\fast\motion_data_039.csv
2025-09-25 16:28:38,458 (model_utility:692) [DEBUG]: Loaded dataset: desktop\data\myrobot\hirai\csv\20250925\20250925\trapezoid\middle\motion_data_049.csv
2025-09-25 16:28:38,464 (model_utility:692) [DEBUG]: Loaded dataset: desktop\data\myrobot\hirai\csv\20250925\20250925\step\middle\motion_data_088.csv
2025-09-25 16:28:38,469 (model_utility:692) [DEBUG]: Loaded dataset: desktop\data\myrobot\hirai\csv\20250925\20250925\trapezoid\middle\motion_data_003.csv
2025-09-25 16:28:38,475 (model_utility:692) [DEBUG]: Loaded dataset: desktop\data\myrobot\hirai\csv\20250924\20250924\step\fast\motion_data_013.csv
2025-09-25 16:28:38,481 (model_utility:692) [DEBUG]: Loaded dataset: desktop\data\myrobot\hirai\csv\20250925\20250925\step\middle\motion_data_089.csv
2025-09-25 16:28:38,487 (model_utility:692) [DEBUG]: Loaded dataset: desktop\data\myrobot\hirai\csv\20250924\20250924\step\fast\motion_data_087.csv
2025-09-25 16:28:38,493 (model_utility:692) [DEBUG]: Loaded dataset: desktop\data\myrobot\hirai\csv\20250925\20250925\trapezoid\middle\motion_data_083.csv
2025-09-25 16:28:38,500 (model_utility:692) [DEBUG]: Loaded dataset: desktop\data\myrobot\hirai\csv\20250924\20250924\step\fast\motion_data_005.csv
2025-09-25 16:28:38,506 (model_utility:692) [DEBUG]: Loaded dataset: desktop\data\myrobot\hirai\csv\20250925\20250925\trapezoid\slow\motion_data_071.csv
2025-09-25 16:28:38,511 (model_utility:692) [DEBUG]: Loaded dataset: desktop\data\myrobot\hirai\csv\20250925\20250925\trapezoid\middle\motion_data_042.csv
2025-09-25 16:28:38,516 (model_utility:692) [DEBUG]: Loaded dataset: desktop\data\myrobot\hirai\csv\20250925\20250925\trapezoid\slow\motion_data_068.csv
2025-09-25 16:28:38,523 (model_utility:692) [DEBUG]: Loaded dataset: desktop\data\myrobot\hirai\csv\20250925\20250925\trapezoid\fast\motion_data_085.csv
2025-09-25 16:28:38,529 (model_utility:692) [DEBUG]: Loaded dataset: desktop\data\myrobot\hirai\csv\20250925\20250925\trapezoid\fast\motion_data_032.csv
2025-09-25 16:28:38,535 (model_utility:692) [DEBUG]: Loaded dataset: desktop\data\myrobot\hirai\csv\20250925\20250925\trapezoid\fast\motion_data_059.csv
2025-09-25 16:28:38,542 (model_utility:692) [DEBUG]: Loaded dataset: desktop\data\myrobot\hirai\csv\20250925\20250925\trapezoid\slow\motion_data_004.csv
2025-09-25 16:28:38,549 (model_utility:692) [DEBUG]: Loaded dataset: desktop\data\myrobot\hirai\csv\20250925\20250925\trapezoid\slow\motion_data_077.csv
2025-09-25 16:28:38,556 (model_utility:692) [DEBUG]: Loaded dataset: desktop\data\myrobot\hirai\csv\20250925\20250925\trapezoid\fast\motion_data_075.csv
2025-09-25 16:28:38,562 (model_utility:692) [DEBUG]: Loaded dataset: desktop\data\myrobot\hirai\csv\20250925\20250925\step\middle\motion_data_014.csv
2025-09-25 16:28:38,568 (model_utility:692) [DEBUG]: Loaded dataset: desktop\data\myrobot\hirai\csv\20250925\20250925\step\middle\motion_data_070.csv
2025-09-25 16:28:38,575 (model_utility:692) [DEBUG]: Loaded dataset: desktop\data\myrobot\hirai\csv\20250925\20250925\step\middle\motion_data_023.csv
2025-09-25 16:28:38,581 (model_utility:692) [DEBUG]: Loaded dataset: desktop\data\myrobot\hirai\csv\20250925\20250925\trapezoid\fast\motion_data_001.csv
2025-09-25 16:28:38,588 (model_utility:692) [DEBUG]: Loaded dataset: desktop\data\myrobot\hirai\csv\20250925\20250925\trapezoid\slow\motion_data_049.csv
2025-09-25 16:28:38,595 (model_utility:692) [DEBUG]: Loaded dataset: desktop\data\myrobot\hirai\csv\20250925\20250925\trapezoid\slow\motion_data_008.csv
2025-09-25 16:28:38,602 (model_utility:692) [DEBUG]: Loaded dataset: desktop\data\myrobot\hirai\csv\20250925\20250925\step\slow\motion_data_021.csv
2025-09-25 16:28:38,609 (model_utility:692) [DEBUG]: Loaded dataset: desktop\data\myrobot\hirai\csv\20250925\20250925\step\middle\motion_data_011.csv
2025-09-25 16:28:38,615 (model_utility:692) [DEBUG]: Loaded dataset: desktop\data\myrobot\hirai\csv\20250925\20250925\trapezoid\middle\motion_data_075.csv
2025-09-25 16:28:38,622 (model_utility:692) [DEBUG]: Loaded dataset: desktop\data\myrobot\hirai\csv\20250925\20250925\trapezoid\middle\motion_data_084.csv
2025-09-25 16:28:38,630 (model_utility:692) [DEBUG]: Loaded dataset: desktop\data\myrobot\hirai\csv\20250925\20250925\trapezoid\fast\motion_data_029.csv
2025-09-25 16:28:38,638 (model_utility:692) [DEBUG]: Loaded dataset: desktop\data\myrobot\hirai\csv\20250925\20250925\step\slow\motion_data_079.csv
2025-09-25 16:28:38,645 (model_utility:692) [DEBUG]: Loaded dataset: desktop\data\myrobot\hirai\csv\20250925\20250925\step\slow\motion_data_077.csv
2025-09-25 16:28:38,651 (model_utility:692) [DEBUG]: Loaded dataset: desktop\data\myrobot\hirai\csv\20250925\20250925\trapezoid\fast\motion_data_049.csv
2025-09-25 16:28:38,659 (model_utility:692) [DEBUG]: Loaded dataset: desktop\data\myrobot\hirai\csv\20250925\20250925\step\middle\motion_data_087.csv
2025-09-25 16:28:38,665 (model_utility:692) [DEBUG]: Loaded dataset: desktop\data\myrobot\hirai\csv\20250924\20250924\step\fast\motion_data_065.csv
2025-09-25 16:28:38,673 (model_utility:692) [DEBUG]: Loaded dataset: desktop\data\myrobot\hirai\csv\20250925\20250925\trapezoid\slow\motion_data_085.csv
2025-09-25 16:28:38,680 (model_utility:692) [DEBUG]: Loaded dataset: desktop\data\myrobot\hirai\csv\20250924\20250924\step\fast\motion_data_069.csv
2025-09-25 16:28:38,688 (model_utility:692) [DEBUG]: Loaded dataset: desktop\data\myrobot\hirai\csv\20250925\20250925\trapezoid\middle\motion_data_010.csv
2025-09-25 16:28:38,696 (model_utility:692) [DEBUG]: Loaded dataset: desktop\data\myrobot\hirai\csv\20250925\20250925\step\middle\motion_data_077.csv
2025-09-25 16:28:38,706 (model_utility:692) [DEBUG]: Loaded dataset: desktop\data\myrobot\hirai\csv\20250925\20250925\trapezoid\slow\motion_data_091.csv
2025-09-25 16:28:38,713 (model_utility:692) [DEBUG]: Loaded dataset: desktop\data\myrobot\hirai\csv\20250925\20250925\step\middle\motion_data_017.csv
2025-09-25 16:28:38,723 (model_utility:692) [DEBUG]: Loaded dataset: desktop\data\myrobot\hirai\csv\20250925\20250925\trapezoid\fast\motion_data_072.csv
2025-09-25 16:28:38,730 (model_utility:692) [DEBUG]: Loaded dataset: desktop\data\myrobot\hirai\csv\20250924\20250924\step\fast\motion_data_010.csv
2025-09-25 16:28:38,739 (model_utility:692) [DEBUG]: Loaded dataset: desktop\data\myrobot\hirai\csv\20250924\20250924\step\fast\motion_data_063.csv
2025-09-25 16:28:38,746 (model_utility:692) [DEBUG]: Loaded dataset: desktop\data\myrobot\hirai\csv\20250925\20250925\trapezoid\slow\motion_data_000.csv
2025-09-25 16:28:38,755 (model_utility:692) [DEBUG]: Loaded dataset: desktop\data\myrobot\hirai\csv\20250924\20250924\step\fast\motion_data_001.csv
2025-09-25 16:28:38,764 (model_utility:692) [DEBUG]: Loaded dataset: desktop\data\myrobot\hirai\csv\20250924\20250924\step\fast\motion_data_042.csv
2025-09-25 16:28:38,773 (model_utility:692) [DEBUG]: Loaded dataset: desktop\data\myrobot\hirai\csv\20250925\20250925\trapezoid\slow\motion_data_029.csv
2025-09-25 16:28:38,780 (model_utility:692) [DEBUG]: Loaded dataset: desktop\data\myrobot\hirai\csv\20250925\20250925\step\middle\motion_data_067.csv
2025-09-25 16:28:38,790 (model_utility:692) [DEBUG]: Loaded dataset: desktop\data\myrobot\hirai\csv\20250924\20250924\step\fast\motion_data_076.csv
2025-09-25 16:28:38,797 (model_utility:692) [DEBUG]: Loaded dataset: desktop\data\myrobot\hirai\csv\20250925\20250925\trapezoid\fast\motion_data_013.csv
2025-09-25 16:28:38,806 (model_utility:692) [DEBUG]: Loaded dataset: desktop\data\myrobot\hirai\csv\20250925\20250925\step\slow\motion_data_096.csv
2025-09-25 16:28:38,814 (model_utility:692) [DEBUG]: Loaded dataset: desktop\data\myrobot\hirai\csv\20250925\20250925\trapezoid\slow\motion_data_002.csv
2025-09-25 16:28:38,822 (model_utility:692) [DEBUG]: Loaded dataset: desktop\data\myrobot\hirai\csv\20250925\20250925\trapezoid\middle\motion_data_090.csv
2025-09-25 16:28:38,831 (model_utility:692) [DEBUG]: Loaded dataset: desktop\data\myrobot\hirai\csv\20250925\20250925\trapezoid\slow\motion_data_043.csv
2025-09-25 16:28:38,838 (model_utility:692) [DEBUG]: Loaded dataset: desktop\data\myrobot\hirai\csv\20250925\20250925\trapezoid\slow\motion_data_062.csv
2025-09-25 16:28:38,846 (model_utility:692) [DEBUG]: Loaded dataset: desktop\data\myrobot\hirai\csv\20250925\20250925\step\slow\motion_data_090.csv
2025-09-25 16:28:38,856 (model_utility:692) [DEBUG]: Loaded dataset: desktop\data\myrobot\hirai\csv\20250925\20250925\step\slow\motion_data_012.csv
2025-09-25 16:28:38,864 (model_utility:692) [DEBUG]: Loaded dataset: desktop\data\myrobot\hirai\csv\20250925\20250925\trapezoid\slow\motion_data_055.csv
2025-09-25 16:28:38,873 (model_utility:692) [DEBUG]: Loaded dataset: desktop\data\myrobot\hirai\csv\20250925\20250925\trapezoid\slow\motion_data_079.csv
2025-09-25 16:28:38,881 (model_utility:692) [DEBUG]: Loaded dataset: desktop\data\myrobot\hirai\csv\20250925\20250925\trapezoid\fast\motion_data_017.csv
2025-09-25 16:28:38,889 (model_utility:692) [DEBUG]: Loaded dataset: desktop\data\myrobot\hirai\csv\20250924\20250924\step\fast\motion_data_057.csv
2025-09-25 16:28:38,896 (model_utility:692) [DEBUG]: Loaded dataset: desktop\data\myrobot\hirai\csv\20250925\20250925\trapezoid\slow\motion_data_035.csv
2025-09-25 16:28:38,905 (model_utility:692) [DEBUG]: Loaded dataset: desktop\data\myrobot\hirai\csv\20250925\20250925\step\slow\motion_data_072.csv
2025-09-25 16:28:38,914 (model_utility:692) [DEBUG]: Loaded dataset: desktop\data\myrobot\hirai\csv\20250924\20250924\step\fast\motion_data_015.csv
2025-09-25 16:28:38,922 (model_utility:692) [DEBUG]: Loaded dataset: desktop\data\myrobot\hirai\csv\20250925\20250925\trapezoid\middle\motion_data_032.csv
2025-09-25 16:28:38,932 (model_utility:692) [DEBUG]: Loaded dataset: desktop\data\myrobot\hirai\csv\20250925\20250925\trapezoid\slow\motion_data_003.csv
2025-09-25 16:28:38,940 (model_utility:692) [DEBUG]: Loaded dataset: desktop\data\myrobot\hirai\csv\20250925\20250925\step\middle\motion_data_037.csv
2025-09-25 16:28:38,954 (model_utility:692) [DEBUG]: Loaded dataset: desktop\data\myrobot\hirai\csv\20250925\20250925\step\slow\motion_data_087.csv
2025-09-25 16:28:38,963 (model_utility:692) [DEBUG]: Loaded dataset: desktop\data\myrobot\hirai\csv\20250925\20250925\trapezoid\middle\motion_data_051.csv
2025-09-25 16:28:38,972 (model_utility:692) [DEBUG]: Loaded dataset: desktop\data\myrobot\hirai\csv\20250925\20250925\trapezoid\slow\motion_data_028.csv
2025-09-25 16:28:38,980 (model_utility:692) [DEBUG]: Loaded dataset: desktop\data\myrobot\hirai\csv\20250925\20250925\trapezoid\fast\motion_data_000.csv
2025-09-25 16:28:38,989 (model_utility:692) [DEBUG]: Loaded dataset: desktop\data\myrobot\hirai\csv\20250925\20250925\step\middle\motion_data_095.csv
2025-09-25 16:28:38,998 (model_utility:692) [DEBUG]: Loaded dataset: desktop\data\myrobot\hirai\csv\20250924\20250924\step\fast\motion_data_034.csv
2025-09-25 16:28:39,008 (model_utility:692) [DEBUG]: Loaded dataset: desktop\data\myrobot\hirai\csv\20250925\20250925\step\slow\motion_data_086.csv
2025-09-25 16:28:39,083 (model_utility:692) [DEBUG]: Loaded dataset: desktop\data\myrobot\hirai\csv\20250925\20250925\trapezoid\fast\motion_data_014.csv
2025-09-25 16:28:39,107 (model_utility:692) [DEBUG]: Loaded dataset: desktop\data\myrobot\hirai\csv\20250925\20250925\trapezoid\slow\motion_data_047.csv
2025-09-25 16:28:39,115 (model_utility:692) [DEBUG]: Loaded dataset: desktop\data\myrobot\hirai\csv\20250925\20250925\trapezoid\fast\motion_data_033.csv
2025-09-25 16:28:39,125 (model_utility:692) [DEBUG]: Loaded dataset: desktop\data\myrobot\hirai\csv\20250925\20250925\step\middle\motion_data_082.csv
2025-09-25 16:28:39,134 (model_utility:692) [DEBUG]: Loaded dataset: desktop\data\myrobot\hirai\csv\20250924\20250924\step\fast\motion_data_049.csv
2025-09-25 16:28:39,143 (model_utility:692) [DEBUG]: Loaded dataset: desktop\data\myrobot\hirai\csv\20250925\20250925\trapezoid\slow\motion_data_018.csv
2025-09-25 16:28:39,152 (model_utility:692) [DEBUG]: Loaded dataset: desktop\data\myrobot\hirai\csv\20250925\20250925\step\middle\motion_data_002.csv
2025-09-25 16:28:39,166 (model_utility:692) [DEBUG]: Loaded dataset: desktop\data\myrobot\hirai\csv\20250924\20250924\step\fast\motion_data_041.csv
2025-09-25 16:28:39,175 (model_utility:692) [DEBUG]: Loaded dataset: desktop\data\myrobot\hirai\csv\20250925\20250925\trapezoid\slow\motion_data_053.csv
2025-09-25 16:28:39,183 (model_utility:692) [DEBUG]: Loaded dataset: desktop\data\myrobot\hirai\csv\20250925\20250925\trapezoid\fast\motion_data_066.csv
2025-09-25 16:28:39,193 (model_utility:692) [DEBUG]: Loaded dataset: desktop\data\myrobot\hirai\csv\20250925\20250925\trapezoid\slow\motion_data_034.csv
2025-09-25 16:28:39,201 (model_utility:692) [DEBUG]: Loaded dataset: desktop\data\myrobot\hirai\csv\20250925\20250925\step\slow\motion_data_075.csv
2025-09-25 16:28:39,212 (model_utility:692) [DEBUG]: Loaded dataset: desktop\data\myrobot\hirai\csv\20250925\20250925\trapezoid\fast\motion_data_003.csv
2025-09-25 16:28:39,222 (model_utility:692) [DEBUG]: Loaded dataset: desktop\data\myrobot\hirai\csv\20250925\20250925\step\middle\motion_data_013.csv
2025-09-25 16:28:39,232 (model_utility:692) [DEBUG]: Loaded dataset: desktop\data\myrobot\hirai\csv\20250925\20250925\trapezoid\middle\motion_data_037.csv
2025-09-25 16:28:39,242 (model_utility:692) [DEBUG]: Loaded dataset: desktop\data\myrobot\hirai\csv\20250925\20250925\trapezoid\middle\motion_data_091.csv
2025-09-25 16:28:39,254 (model_utility:692) [DEBUG]: Loaded dataset: desktop\data\myrobot\hirai\csv\20250925\20250925\trapezoid\slow\motion_data_026.csv
2025-09-25 16:28:39,267 (model_utility:692) [DEBUG]: Loaded dataset: desktop\data\myrobot\hirai\csv\20250925\20250925\step\middle\motion_data_041.csv
2025-09-25 16:28:39,277 (model_utility:692) [DEBUG]: Loaded dataset: desktop\data\myrobot\hirai\csv\20250925\20250925\trapezoid\slow\motion_data_048.csv
2025-09-25 16:28:39,277 (model_utility:728) [DEBUG]: x_train.shape = (448350, 7)
2025-09-25 16:28:39,277 (model_utility:729) [DEBUG]: y_train.shape = (448350, 2)
2025-09-25 16:28:51,879 (train_model:108) [DEBUG]: Training has done
2025-09-25 16:28:51,884 (train_model:123) [INFO]: Trained model saved: C:\Users\yuma_\Desktop\M1_reservoir\MizukiROBOT\data\trained_model\MixAll.seed42.step10\20250925T162837\trained_model.joblib
